# jackhmmer :: iteratively search a protein sequence against a protein database
# HMMER 3.1b2 (February 2015); http://hmmer.org/
# Copyright (C) 2015 Howard Hughes Medical Institute.
# Freely distributed under the GNU General Public License (GPLv3).
# - - - - - - - - - - - - - - - - - - - - - - - - - - - - - - - - - - - -
# query sequence file:             TromerMADBUB_Other_KEN.fasta
# target sequence database:        ../../../Sequences/Tromer_MADBUB_seqs.fasta
# per-seq hits tabular output:     TromerMADBUB_Other_KEN_jackhmmer.tblout
# per-dom hits tabular output:     TromerMADBUB_Other_KEN_jackhmmer.domtblout
# query <seqfile> format asserted: fasta
# target <seqdb> format asserted:  fasta
# - - - - - - - - - - - - - - - - - - - - - - - - - - - - - - - - - - - -

Query:       DMAG_MADBUB||Other_KEN/703-710  [L=8]

Scores for complete sequences (score includes all domains):
   --- full sequence ---   --- best 1 domain ---    -#dom-
    E-value  score  bias    E-value  score  bias    exp  N  Sequence Description
    ------- ------ -----    ------- ------ -----   ---- --  -------- -----------

   [No hits detected that satisfy reporting thresholds]


Domain annotation for each sequence (and alignments):

   [No targets detected that satisfy reporting thresholds]


Internal pipeline statistics summary:
-------------------------------------
Query model(s):                              1  (8 nodes)
Target sequences:                           77  (85728 residues searched)
Passed MSV filter:                         5  (0.0649351); expected 1.5 (0.02)
Passed bias filter:                        4  (0.0519481); expected 1.5 (0.02)
Passed Vit filter:                         1  (0.012987); expected 0.1 (0.001)
Passed Fwd filter:                         0  (0); expected 0.0 (1e-05)
Initial search space (Z):                 77  [actual number of targets]
Domain search space  (domZ):               0  [number of targets reported over threshold]
# CPU time: 0.00u 0.00s 00:00:00.00 Elapsed: 00:00:00.01
# Mc/sec: 68.58

@@ New targets included:   0
@@ New alignment includes: 1 subseqs (was 1), including original query
@@
@@ CONVERGED (in 1 rounds). 
@@

//
Query:       NVEC_MADBUB||Other_KEN/814-821  [L=8]

Scores for complete sequences (score includes all domains):
   --- full sequence ---   --- best 1 domain ---    -#dom-
    E-value  score  bias    E-value  score  bias    exp  N  Sequence Description
    ------- ------ -----    ------- ------ -----   ---- --  -------- -----------

   [No hits detected that satisfy reporting thresholds]


Domain annotation for each sequence (and alignments):

   [No targets detected that satisfy reporting thresholds]


Internal pipeline statistics summary:
-------------------------------------
Query model(s):                              1  (8 nodes)
Target sequences:                           77  (85728 residues searched)
Passed MSV filter:                         9  (0.116883); expected 1.5 (0.02)
Passed bias filter:                        9  (0.116883); expected 1.5 (0.02)
Passed Vit filter:                         5  (0.0649351); expected 0.1 (0.001)
Passed Fwd filter:                         0  (0); expected 0.0 (1e-05)
Initial search space (Z):                 77  [actual number of targets]
Domain search space  (domZ):               0  [number of targets reported over threshold]
# CPU time: 0.01u 0.00s 00:00:00.01 Elapsed: 00:00:00.00
# Mc/sec: inf

@@ New targets included:   0
@@ New alignment includes: 1 subseqs (was 1), including original query
@@
@@ CONVERGED (in 1 rounds). 
@@

//
Query:       PCAU_MADBUB||Other_KEN/729-736  [L=8]

Scores for complete sequences (score includes all domains):
   --- full sequence ---   --- best 1 domain ---    -#dom-
    E-value  score  bias    E-value  score  bias    exp  N  Sequence Description
    ------- ------ -----    ------- ------ -----   ---- --  -------- -----------

   [No hits detected that satisfy reporting thresholds]


Domain annotation for each sequence (and alignments):

   [No targets detected that satisfy reporting thresholds]


Internal pipeline statistics summary:
-------------------------------------
Query model(s):                              1  (8 nodes)
Target sequences:                           77  (85728 residues searched)
Passed MSV filter:                         9  (0.116883); expected 1.5 (0.02)
Passed bias filter:                        9  (0.116883); expected 1.5 (0.02)
Passed Vit filter:                         6  (0.0779221); expected 0.1 (0.001)
Passed Fwd filter:                         0  (0); expected 0.0 (1e-05)
Initial search space (Z):                 77  [actual number of targets]
Domain search space  (domZ):               0  [number of targets reported over threshold]
# CPU time: 0.01u 0.00s 00:00:00.01 Elapsed: 00:00:00.01
# Mc/sec: 68.58

@@ New targets included:   0
@@ New alignment includes: 1 subseqs (was 1), including original query
@@
@@ CONVERGED (in 1 rounds). 
@@

//
Query:       SPUR_MADBUB||Other_KEN/863-870  [L=8]

Scores for complete sequences (score includes all domains):
   --- full sequence ---   --- best 1 domain ---    -#dom-
    E-value  score  bias    E-value  score  bias    exp  N  Sequence Description
    ------- ------ -----    ------- ------ -----   ---- --  -------- -----------

   [No hits detected that satisfy reporting thresholds]


Domain annotation for each sequence (and alignments):

   [No targets detected that satisfy reporting thresholds]


Internal pipeline statistics summary:
-------------------------------------
Query model(s):                              1  (8 nodes)
Target sequences:                           77  (85728 residues searched)
Passed MSV filter:                         8  (0.103896); expected 1.5 (0.02)
Passed bias filter:                        7  (0.0909091); expected 1.5 (0.02)
Passed Vit filter:                         2  (0.025974); expected 0.1 (0.001)
Passed Fwd filter:                         0  (0); expected 0.0 (1e-05)
Initial search space (Z):                 77  [actual number of targets]
Domain search space  (domZ):               0  [number of targets reported over threshold]
# CPU time: 0.01u 0.00s 00:00:00.01 Elapsed: 00:00:00.01
# Mc/sec: 68.58

@@ New targets included:   0
@@ New alignment includes: 1 subseqs (was 1), including original query
@@
@@ CONVERGED (in 1 rounds). 
@@

//
Query:       LANA_MADBUB||Other_KEN/707-714  [L=8]

Scores for complete sequences (score includes all domains):
   --- full sequence ---   --- best 1 domain ---    -#dom-
    E-value  score  bias    E-value  score  bias    exp  N  Sequence Description
    ------- ------ -----    ------- ------ -----   ---- --  -------- -----------

   [No hits detected that satisfy reporting thresholds]


Domain annotation for each sequence (and alignments):

   [No targets detected that satisfy reporting thresholds]


Internal pipeline statistics summary:
-------------------------------------
Query model(s):                              1  (8 nodes)
Target sequences:                           77  (85728 residues searched)
Passed MSV filter:                         6  (0.0779221); expected 1.5 (0.02)
Passed bias filter:                        5  (0.0649351); expected 1.5 (0.02)
Passed Vit filter:                         1  (0.012987); expected 0.1 (0.001)
Passed Fwd filter:                         0  (0); expected 0.0 (1e-05)
Initial search space (Z):                 77  [actual number of targets]
Domain search space  (domZ):               0  [number of targets reported over threshold]
# CPU time: 0.01u 0.00s 00:00:00.01 Elapsed: 00:00:00.01
# Mc/sec: 68.58

@@ New targets included:   0
@@ New alignment includes: 1 subseqs (was 1), including original query
@@
@@ CONVERGED (in 1 rounds). 
@@

//
Query:       TADH_MADBUB||Other_KEN/536-543  [L=8]

Scores for complete sequences (score includes all domains):
   --- full sequence ---   --- best 1 domain ---    -#dom-
    E-value  score  bias    E-value  score  bias    exp  N  Sequence Description
    ------- ------ -----    ------- ------ -----   ---- --  -------- -----------

   [No hits detected that satisfy reporting thresholds]


Domain annotation for each sequence (and alignments):

   [No targets detected that satisfy reporting thresholds]


Internal pipeline statistics summary:
-------------------------------------
Query model(s):                              1  (8 nodes)
Target sequences:                           77  (85728 residues searched)
Passed MSV filter:                         9  (0.116883); expected 1.5 (0.02)
Passed bias filter:                        9  (0.116883); expected 1.5 (0.02)
Passed Vit filter:                         5  (0.0649351); expected 0.1 (0.001)
Passed Fwd filter:                         0  (0); expected 0.0 (1e-05)
Initial search space (Z):                 77  [actual number of targets]
Domain search space  (domZ):               0  [number of targets reported over threshold]
# CPU time: 0.01u 0.00s 00:00:00.01 Elapsed: 00:00:00.01
# Mc/sec: 68.58

@@ New targets included:   0
@@ New alignment includes: 1 subseqs (was 1), including original query
@@
@@ CONVERGED (in 1 rounds). 
@@

//
Query:       BFLO_MADBUB||Other_KEN/785-792  [L=8]

Scores for complete sequences (score includes all domains):
   --- full sequence ---   --- best 1 domain ---    -#dom-
    E-value  score  bias    E-value  score  bias    exp  N  Sequence Description
    ------- ------ -----    ------- ------ -----   ---- --  -------- -----------

   [No hits detected that satisfy reporting thresholds]


Domain annotation for each sequence (and alignments):

   [No targets detected that satisfy reporting thresholds]


Internal pipeline statistics summary:
-------------------------------------
Query model(s):                              1  (8 nodes)
Target sequences:                           77  (85728 residues searched)
Passed MSV filter:                         8  (0.103896); expected 1.5 (0.02)
Passed bias filter:                        8  (0.103896); expected 1.5 (0.02)
Passed Vit filter:                         2  (0.025974); expected 0.1 (0.001)
Passed Fwd filter:                         0  (0); expected 0.0 (1e-05)
Initial search space (Z):                 77  [actual number of targets]
Domain search space  (domZ):               0  [number of targets reported over threshold]
# CPU time: 0.01u 0.00s 00:00:00.01 Elapsed: 00:00:00.00
# Mc/sec: inf

@@ New targets included:   0
@@ New alignment includes: 1 subseqs (was 1), including original query
@@
@@ CONVERGED (in 1 rounds). 
@@

//
Query:       DMAG_MADBUB||Other_KEN/664-671  [L=8]

Scores for complete sequences (score includes all domains):
   --- full sequence ---   --- best 1 domain ---    -#dom-
    E-value  score  bias    E-value  score  bias    exp  N  Sequence Description
    ------- ------ -----    ------- ------ -----   ---- --  -------- -----------

   [No hits detected that satisfy reporting thresholds]


Domain annotation for each sequence (and alignments):

   [No targets detected that satisfy reporting thresholds]


Internal pipeline statistics summary:
-------------------------------------
Query model(s):                              1  (8 nodes)
Target sequences:                           77  (85728 residues searched)
Passed MSV filter:                         3  (0.038961); expected 1.5 (0.02)
Passed bias filter:                        3  (0.038961); expected 1.5 (0.02)
Passed Vit filter:                         1  (0.012987); expected 0.1 (0.001)
Passed Fwd filter:                         0  (0); expected 0.0 (1e-05)
Initial search space (Z):                 77  [actual number of targets]
Domain search space  (domZ):               0  [number of targets reported over threshold]
# CPU time: 0.01u 0.00s 00:00:00.01 Elapsed: 00:00:00.01
# Mc/sec: 68.58

@@ New targets included:   0
@@ New alignment includes: 1 subseqs (was 1), including original query
@@
@@ CONVERGED (in 1 rounds). 
@@

//
Query:       SKOW_MADBUB||Other_KEN/1016-1023  [L=8]

Scores for complete sequences (score includes all domains):
   --- full sequence ---   --- best 1 domain ---    -#dom-
    E-value  score  bias    E-value  score  bias    exp  N  Sequence Description
    ------- ------ -----    ------- ------ -----   ---- --  -------- -----------

   [No hits detected that satisfy reporting thresholds]


Domain annotation for each sequence (and alignments):

   [No targets detected that satisfy reporting thresholds]


Internal pipeline statistics summary:
-------------------------------------
Query model(s):                              1  (8 nodes)
Target sequences:                           77  (85728 residues searched)
Passed MSV filter:                         1  (0.012987); expected 1.5 (0.02)
Passed bias filter:                        1  (0.012987); expected 1.5 (0.02)
Passed Vit filter:                         1  (0.012987); expected 0.1 (0.001)
Passed Fwd filter:                         0  (0); expected 0.0 (1e-05)
Initial search space (Z):                 77  [actual number of targets]
Domain search space  (domZ):               0  [number of targets reported over threshold]
# CPU time: 0.01u 0.00s 00:00:00.01 Elapsed: 00:00:00.01
# Mc/sec: 68.58

@@ New targets included:   0
@@ New alignment includes: 1 subseqs (was 1), including original query
@@
@@ CONVERGED (in 1 rounds). 
@@

//
Query:       DDIS_MADBUB||Other_KEN/647-654  [L=8]

Scores for complete sequences (score includes all domains):
   --- full sequence ---   --- best 1 domain ---    -#dom-
    E-value  score  bias    E-value  score  bias    exp  N  Sequence Description
    ------- ------ -----    ------- ------ -----   ---- --  -------- -----------

   [No hits detected that satisfy reporting thresholds]


Domain annotation for each sequence (and alignments):

   [No targets detected that satisfy reporting thresholds]


Internal pipeline statistics summary:
-------------------------------------
Query model(s):                              1  (8 nodes)
Target sequences:                           77  (85728 residues searched)
Passed MSV filter:                         7  (0.0909091); expected 1.5 (0.02)
Passed bias filter:                        6  (0.0779221); expected 1.5 (0.02)
Passed Vit filter:                         1  (0.012987); expected 0.1 (0.001)
Passed Fwd filter:                         0  (0); expected 0.0 (1e-05)
Initial search space (Z):                 77  [actual number of targets]
Domain search space  (domZ):               0  [number of targets reported over threshold]
# CPU time: 0.01u 0.00s 00:00:00.01 Elapsed: 00:00:00.01
# Mc/sec: 68.58

@@ New targets included:   0
@@ New alignment includes: 1 subseqs (was 1), including original query
@@
@@ CONVERGED (in 1 rounds). 
@@

//
Query:       PPAL_MADBUB||Other_KEN/529-536  [L=8]

Scores for complete sequences (score includes all domains):
   --- full sequence ---   --- best 1 domain ---    -#dom-
    E-value  score  bias    E-value  score  bias    exp  N  Sequence Description
    ------- ------ -----    ------- ------ -----   ---- --  -------- -----------

   [No hits detected that satisfy reporting thresholds]


Domain annotation for each sequence (and alignments):

   [No targets detected that satisfy reporting thresholds]


Internal pipeline statistics summary:
-------------------------------------
Query model(s):                              1  (8 nodes)
Target sequences:                           77  (85728 residues searched)
Passed MSV filter:                         6  (0.0779221); expected 1.5 (0.02)
Passed bias filter:                        6  (0.0779221); expected 1.5 (0.02)
Passed Vit filter:                         1  (0.012987); expected 0.1 (0.001)
Passed Fwd filter:                         0  (0); expected 0.0 (1e-05)
Initial search space (Z):                 77  [actual number of targets]
Domain search space  (domZ):               0  [number of targets reported over threshold]
# CPU time: 0.01u 0.00s 00:00:00.01 Elapsed: 00:00:00.01
# Mc/sec: 68.58

@@ New targets included:   0
@@ New alignment includes: 1 subseqs (was 1), including original query
@@
@@ CONVERGED (in 1 rounds). 
@@

//
Query:       ZNEV_MADBUB||Other_KEN/773-780  [L=8]

Scores for complete sequences (score includes all domains):
   --- full sequence ---   --- best 1 domain ---    -#dom-
    E-value  score  bias    E-value  score  bias    exp  N  Sequence Description
    ------- ------ -----    ------- ------ -----   ---- --  -------- -----------

   [No hits detected that satisfy reporting thresholds]


Domain annotation for each sequence (and alignments):

   [No targets detected that satisfy reporting thresholds]


Internal pipeline statistics summary:
-------------------------------------
Query model(s):                              1  (8 nodes)
Target sequences:                           77  (85728 residues searched)
Passed MSV filter:                         7  (0.0909091); expected 1.5 (0.02)
Passed bias filter:                        6  (0.0779221); expected 1.5 (0.02)
Passed Vit filter:                         1  (0.012987); expected 0.1 (0.001)
Passed Fwd filter:                         0  (0); expected 0.0 (1e-05)
Initial search space (Z):                 77  [actual number of targets]
Domain search space  (domZ):               0  [number of targets reported over threshold]
# CPU time: 0.01u 0.00s 00:00:00.01 Elapsed: 00:00:00.00
# Mc/sec: inf

@@ New targets included:   0
@@ New alignment includes: 1 subseqs (was 1), including original query
@@
@@ CONVERGED (in 1 rounds). 
@@

//
Query:       SARC_MADBUB||Other_KEN/454-461  [L=8]

Scores for complete sequences (score includes all domains):
   --- full sequence ---   --- best 1 domain ---    -#dom-
    E-value  score  bias    E-value  score  bias    exp  N  Sequence Description
    ------- ------ -----    ------- ------ -----   ---- --  -------- -----------

   [No hits detected that satisfy reporting thresholds]


Domain annotation for each sequence (and alignments):

   [No targets detected that satisfy reporting thresholds]


Internal pipeline statistics summary:
-------------------------------------
Query model(s):                              1  (8 nodes)
Target sequences:                           77  (85728 residues searched)
Passed MSV filter:                         5  (0.0649351); expected 1.5 (0.02)
Passed bias filter:                        5  (0.0649351); expected 1.5 (0.02)
Passed Vit filter:                         1  (0.012987); expected 0.1 (0.001)
Passed Fwd filter:                         0  (0); expected 0.0 (1e-05)
Initial search space (Z):                 77  [actual number of targets]
Domain search space  (domZ):               0  [number of targets reported over threshold]
# CPU time: 0.01u 0.00s 00:00:00.01 Elapsed: 00:00:00.01
# Mc/sec: 68.58

@@ New targets included:   0
@@ New alignment includes: 1 subseqs (was 1), including original query
@@
@@ CONVERGED (in 1 rounds). 
@@

//
Query:       CVAR_MADBUB||Other_KEN/944-951  [L=8]

Scores for complete sequences (score includes all domains):
   --- full sequence ---   --- best 1 domain ---    -#dom-
    E-value  score  bias    E-value  score  bias    exp  N  Sequence Description
    ------- ------ -----    ------- ------ -----   ---- --  -------- -----------

   [No hits detected that satisfy reporting thresholds]


Domain annotation for each sequence (and alignments):

   [No targets detected that satisfy reporting thresholds]


Internal pipeline statistics summary:
-------------------------------------
Query model(s):                              1  (8 nodes)
Target sequences:                           77  (85728 residues searched)
Passed MSV filter:                         4  (0.0519481); expected 1.5 (0.02)
Passed bias filter:                        4  (0.0519481); expected 1.5 (0.02)
Passed Vit filter:                         1  (0.012987); expected 0.1 (0.001)
Passed Fwd filter:                         0  (0); expected 0.0 (1e-05)
Initial search space (Z):                 77  [actual number of targets]
Domain search space  (domZ):               0  [number of targets reported over threshold]
# CPU time: 0.00u 0.00s 00:00:00.00 Elapsed: 00:00:00.01
# Mc/sec: 68.58

@@ New targets included:   0
@@ New alignment includes: 1 subseqs (was 1), including original query
@@
@@ CONVERGED (in 1 rounds). 
@@

//
Query:       AQUE_MADBUB||Other_KEN/108-115  [L=8]

Scores for complete sequences (score includes all domains):
   --- full sequence ---   --- best 1 domain ---    -#dom-
    E-value  score  bias    E-value  score  bias    exp  N  Sequence Description
    ------- ------ -----    ------- ------ -----   ---- --  -------- -----------

   [No hits detected that satisfy reporting thresholds]


Domain annotation for each sequence (and alignments):

   [No targets detected that satisfy reporting thresholds]


Internal pipeline statistics summary:
-------------------------------------
Query model(s):                              1  (8 nodes)
Target sequences:                           77  (85728 residues searched)
Passed MSV filter:                         2  (0.025974); expected 1.5 (0.02)
Passed bias filter:                        2  (0.025974); expected 1.5 (0.02)
Passed Vit filter:                         1  (0.012987); expected 0.1 (0.001)
Passed Fwd filter:                         0  (0); expected 0.0 (1e-05)
Initial search space (Z):                 77  [actual number of targets]
Domain search space  (domZ):               0  [number of targets reported over threshold]
# CPU time: 0.01u 0.00s 00:00:00.01 Elapsed: 00:00:00.01
# Mc/sec: 68.58

@@ New targets included:   0
@@ New alignment includes: 1 subseqs (was 1), including original query
@@
@@ CONVERGED (in 1 rounds). 
@@

//
Query:       SPUN_MADBUB||Other_KEN/413-420  [L=8]

Scores for complete sequences (score includes all domains):
   --- full sequence ---   --- best 1 domain ---    -#dom-
    E-value  score  bias    E-value  score  bias    exp  N  Sequence Description
    ------- ------ -----    ------- ------ -----   ---- --  -------- -----------

   [No hits detected that satisfy reporting thresholds]


Domain annotation for each sequence (and alignments):

   [No targets detected that satisfy reporting thresholds]


Internal pipeline statistics summary:
-------------------------------------
Query model(s):                              1  (8 nodes)
Target sequences:                           77  (85728 residues searched)
Passed MSV filter:                         2  (0.025974); expected 1.5 (0.02)
Passed bias filter:                        2  (0.025974); expected 1.5 (0.02)
Passed Vit filter:                         1  (0.012987); expected 0.1 (0.001)
Passed Fwd filter:                         0  (0); expected 0.0 (1e-05)
Initial search space (Z):                 77  [actual number of targets]
Domain search space  (domZ):               0  [number of targets reported over threshold]
# CPU time: 0.01u 0.00s 00:00:00.01 Elapsed: 00:00:00.01
# Mc/sec: 68.58

@@ New targets included:   0
@@ New alignment includes: 1 subseqs (was 1), including original query
@@
@@ CONVERGED (in 1 rounds). 
@@

//
Query:       BMOR_MADBUB||Other_KEN/597-604  [L=8]

Scores for complete sequences (score includes all domains):
   --- full sequence ---   --- best 1 domain ---    -#dom-
    E-value  score  bias    E-value  score  bias    exp  N  Sequence Description
    ------- ------ -----    ------- ------ -----   ---- --  -------- -----------

   [No hits detected that satisfy reporting thresholds]


Domain annotation for each sequence (and alignments):

   [No targets detected that satisfy reporting thresholds]


Internal pipeline statistics summary:
-------------------------------------
Query model(s):                              1  (8 nodes)
Target sequences:                           77  (85728 residues searched)
Passed MSV filter:                         3  (0.038961); expected 1.5 (0.02)
Passed bias filter:                        1  (0.012987); expected 1.5 (0.02)
Passed Vit filter:                         1  (0.012987); expected 0.1 (0.001)
Passed Fwd filter:                         0  (0); expected 0.0 (1e-05)
Initial search space (Z):                 77  [actual number of targets]
Domain search space  (domZ):               0  [number of targets reported over threshold]
# CPU time: 0.01u 0.00s 00:00:00.01 Elapsed: 00:00:00.00
# Mc/sec: inf

@@ New targets included:   0
@@ New alignment includes: 1 subseqs (was 1), including original query
@@
@@ CONVERGED (in 1 rounds). 
@@

//
Query:       BPRA_MADBUB||Other_KEN/779-786  [L=8]

Scores for complete sequences (score includes all domains):
   --- full sequence ---   --- best 1 domain ---    -#dom-
    E-value  score  bias    E-value  score  bias    exp  N  Sequence Description
    ------- ------ -----    ------- ------ -----   ---- --  -------- -----------

   [No hits detected that satisfy reporting thresholds]


Domain annotation for each sequence (and alignments):

   [No targets detected that satisfy reporting thresholds]


Internal pipeline statistics summary:
-------------------------------------
Query model(s):                              1  (8 nodes)
Target sequences:                           77  (85728 residues searched)
Passed MSV filter:                         3  (0.038961); expected 1.5 (0.02)
Passed bias filter:                        3  (0.038961); expected 1.5 (0.02)
Passed Vit filter:                         1  (0.012987); expected 0.1 (0.001)
Passed Fwd filter:                         0  (0); expected 0.0 (1e-05)
Initial search space (Z):                 77  [actual number of targets]
Domain search space  (domZ):               0  [number of targets reported over threshold]
# CPU time: 0.01u 0.00s 00:00:00.01 Elapsed: 00:00:00.01
# Mc/sec: 68.58

@@ New targets included:   0
@@ New alignment includes: 1 subseqs (was 1), including original query
@@
@@ CONVERGED (in 1 rounds). 
@@

//
Query:       CMER_MADBUB||Other_KEN/775-782  [L=8]

Scores for complete sequences (score includes all domains):
   --- full sequence ---   --- best 1 domain ---    -#dom-
    E-value  score  bias    E-value  score  bias    exp  N  Sequence Description
    ------- ------ -----    ------- ------ -----   ---- --  -------- -----------

   [No hits detected that satisfy reporting thresholds]


Domain annotation for each sequence (and alignments):

   [No targets detected that satisfy reporting thresholds]


Internal pipeline statistics summary:
-------------------------------------
Query model(s):                              1  (8 nodes)
Target sequences:                           77  (85728 residues searched)
Passed MSV filter:                         1  (0.012987); expected 1.5 (0.02)
Passed bias filter:                        1  (0.012987); expected 1.5 (0.02)
Passed Vit filter:                         1  (0.012987); expected 0.1 (0.001)
Passed Fwd filter:                         0  (0); expected 0.0 (1e-05)
Initial search space (Z):                 77  [actual number of targets]
Domain search space  (domZ):               0  [number of targets reported over threshold]
# CPU time: 0.01u 0.00s 00:00:00.01 Elapsed: 00:00:00.01
# Mc/sec: 68.58

@@ New targets included:   0
@@ New alignment includes: 1 subseqs (was 1), including original query
@@
@@ CONVERGED (in 1 rounds). 
@@

//
Query:       CGIG_MADBUB||Other_KEN/667-674  [L=8]

Scores for complete sequences (score includes all domains):
   --- full sequence ---   --- best 1 domain ---    -#dom-
    E-value  score  bias    E-value  score  bias    exp  N  Sequence Description
    ------- ------ -----    ------- ------ -----   ---- --  -------- -----------

   [No hits detected that satisfy reporting thresholds]


Domain annotation for each sequence (and alignments):

   [No targets detected that satisfy reporting thresholds]


Internal pipeline statistics summary:
-------------------------------------
Query model(s):                              1  (8 nodes)
Target sequences:                           77  (85728 residues searched)
Passed MSV filter:                        11  (0.142857); expected 1.5 (0.02)
Passed bias filter:                        9  (0.116883); expected 1.5 (0.02)
Passed Vit filter:                         4  (0.0519481); expected 0.1 (0.001)
Passed Fwd filter:                         0  (0); expected 0.0 (1e-05)
Initial search space (Z):                 77  [actual number of targets]
Domain search space  (domZ):               0  [number of targets reported over threshold]
# CPU time: 0.01u 0.00s 00:00:00.01 Elapsed: 00:00:00.01
# Mc/sec: 68.58

@@ New targets included:   0
@@ New alignment includes: 1 subseqs (was 1), including original query
@@
@@ CONVERGED (in 1 rounds). 
@@

//
Query:       BHOM_MADBUB||Other_KEN/420-427  [L=8]

Scores for complete sequences (score includes all domains):
   --- full sequence ---   --- best 1 domain ---    -#dom-
    E-value  score  bias    E-value  score  bias    exp  N  Sequence Description
    ------- ------ -----    ------- ------ -----   ---- --  -------- -----------

   [No hits detected that satisfy reporting thresholds]


Domain annotation for each sequence (and alignments):

   [No targets detected that satisfy reporting thresholds]


Internal pipeline statistics summary:
-------------------------------------
Query model(s):                              1  (8 nodes)
Target sequences:                           77  (85728 residues searched)
Passed MSV filter:                         2  (0.025974); expected 1.5 (0.02)
Passed bias filter:                        2  (0.025974); expected 1.5 (0.02)
Passed Vit filter:                         1  (0.012987); expected 0.1 (0.001)
Passed Fwd filter:                         0  (0); expected 0.0 (1e-05)
Initial search space (Z):                 77  [actual number of targets]
Domain search space  (domZ):               0  [number of targets reported over threshold]
# CPU time: 0.00u 0.00s 00:00:00.00 Elapsed: 00:00:00.01
# Mc/sec: 68.58

@@ New targets included:   0
@@ New alignment includes: 1 subseqs (was 1), including original query
@@
@@ CONVERGED (in 1 rounds). 
@@

//
Query:       CTEL_MADBUB||Other_KEN/597-604  [L=8]

Scores for complete sequences (score includes all domains):
   --- full sequence ---   --- best 1 domain ---    -#dom-
    E-value  score  bias    E-value  score  bias    exp  N  Sequence Description
    ------- ------ -----    ------- ------ -----   ---- --  -------- -----------

   [No hits detected that satisfy reporting thresholds]


Domain annotation for each sequence (and alignments):

   [No targets detected that satisfy reporting thresholds]


Internal pipeline statistics summary:
-------------------------------------
Query model(s):                              1  (8 nodes)
Target sequences:                           77  (85728 residues searched)
Passed MSV filter:                         4  (0.0519481); expected 1.5 (0.02)
Passed bias filter:                        4  (0.0519481); expected 1.5 (0.02)
Passed Vit filter:                         2  (0.025974); expected 0.1 (0.001)
Passed Fwd filter:                         0  (0); expected 0.0 (1e-05)
Initial search space (Z):                 77  [actual number of targets]
Domain search space  (domZ):               0  [number of targets reported over threshold]
# CPU time: 0.01u 0.00s 00:00:00.01 Elapsed: 00:00:00.00
# Mc/sec: inf

@@ New targets included:   0
@@ New alignment includes: 1 subseqs (was 1), including original query
@@
@@ CONVERGED (in 1 rounds). 
@@

//
Query:       BMOR_MADBUB||Other_KEN/489-496  [L=8]

Scores for complete sequences (score includes all domains):
   --- full sequence ---   --- best 1 domain ---    -#dom-
    E-value  score  bias    E-value  score  bias    exp  N  Sequence Description
    ------- ------ -----    ------- ------ -----   ---- --  -------- -----------

   [No hits detected that satisfy reporting thresholds]


Domain annotation for each sequence (and alignments):

   [No targets detected that satisfy reporting thresholds]


Internal pipeline statistics summary:
-------------------------------------
Query model(s):                              1  (8 nodes)
Target sequences:                           77  (85728 residues searched)
Passed MSV filter:                         1  (0.012987); expected 1.5 (0.02)
Passed bias filter:                        1  (0.012987); expected 1.5 (0.02)
Passed Vit filter:                         1  (0.012987); expected 0.1 (0.001)
Passed Fwd filter:                         0  (0); expected 0.0 (1e-05)
Initial search space (Z):                 77  [actual number of targets]
Domain search space  (domZ):               0  [number of targets reported over threshold]
# CPU time: 0.01u 0.00s 00:00:00.01 Elapsed: 00:00:00.01
# Mc/sec: 68.58

@@ New targets included:   0
@@ New alignment includes: 1 subseqs (was 1), including original query
@@
@@ CONVERGED (in 1 rounds). 
@@

//
Query:       ZNEV_MADBUB||Other_KEN/1117-1124  [L=8]

Scores for complete sequences (score includes all domains):
   --- full sequence ---   --- best 1 domain ---    -#dom-
    E-value  score  bias    E-value  score  bias    exp  N  Sequence Description
    ------- ------ -----    ------- ------ -----   ---- --  -------- -----------

   [No hits detected that satisfy reporting thresholds]


Domain annotation for each sequence (and alignments):

   [No targets detected that satisfy reporting thresholds]


Internal pipeline statistics summary:
-------------------------------------
Query model(s):                              1  (8 nodes)
Target sequences:                           77  (85728 residues searched)
Passed MSV filter:                         2  (0.025974); expected 1.5 (0.02)
Passed bias filter:                        2  (0.025974); expected 1.5 (0.02)
Passed Vit filter:                         1  (0.012987); expected 0.1 (0.001)
Passed Fwd filter:                         0  (0); expected 0.0 (1e-05)
Initial search space (Z):                 77  [actual number of targets]
Domain search space  (domZ):               0  [number of targets reported over threshold]
# CPU time: 0.01u 0.00s 00:00:00.01 Elapsed: 00:00:00.01
# Mc/sec: 68.58

@@ New targets included:   0
@@ New alignment includes: 1 subseqs (was 1), including original query
@@
@@ CONVERGED (in 1 rounds). 
@@

//
Query:       ZNEV_MADBUB||Other_KEN/1129-1136  [L=8]

Scores for complete sequences (score includes all domains):
   --- full sequence ---   --- best 1 domain ---    -#dom-
    E-value  score  bias    E-value  score  bias    exp  N  Sequence Description
    ------- ------ -----    ------- ------ -----   ---- --  -------- -----------

   [No hits detected that satisfy reporting thresholds]


Domain annotation for each sequence (and alignments):

   [No targets detected that satisfy reporting thresholds]


Internal pipeline statistics summary:
-------------------------------------
Query model(s):                              1  (8 nodes)
Target sequences:                           77  (85728 residues searched)
Passed MSV filter:                         2  (0.025974); expected 1.5 (0.02)
Passed bias filter:                        2  (0.025974); expected 1.5 (0.02)
Passed Vit filter:                         1  (0.012987); expected 0.1 (0.001)
Passed Fwd filter:                         0  (0); expected 0.0 (1e-05)
Initial search space (Z):                 77  [actual number of targets]
Domain search space  (domZ):               0  [number of targets reported over threshold]
# CPU time: 0.01u 0.00s 00:00:00.01 Elapsed: 00:00:00.00
# Mc/sec: inf

@@ New targets included:   0
@@ New alignment includes: 1 subseqs (was 1), including original query
@@
@@ CONVERGED (in 1 rounds). 
@@

//
Query:       NVIT_MADBUB||Other_KEN/635-642  [L=8]

Scores for complete sequences (score includes all domains):
   --- full sequence ---   --- best 1 domain ---    -#dom-
    E-value  score  bias    E-value  score  bias    exp  N  Sequence Description
    ------- ------ -----    ------- ------ -----   ---- --  -------- -----------

   [No hits detected that satisfy reporting thresholds]


Domain annotation for each sequence (and alignments):

   [No targets detected that satisfy reporting thresholds]


Internal pipeline statistics summary:
-------------------------------------
Query model(s):                              1  (8 nodes)
Target sequences:                           77  (85728 residues searched)
Passed MSV filter:                         1  (0.012987); expected 1.5 (0.02)
Passed bias filter:                        1  (0.012987); expected 1.5 (0.02)
Passed Vit filter:                         1  (0.012987); expected 0.1 (0.001)
Passed Fwd filter:                         0  (0); expected 0.0 (1e-05)
Initial search space (Z):                 77  [actual number of targets]
Domain search space  (domZ):               0  [number of targets reported over threshold]
# CPU time: 0.01u 0.00s 00:00:00.01 Elapsed: 00:00:00.01
# Mc/sec: 68.58

@@ New targets included:   0
@@ New alignment includes: 1 subseqs (was 1), including original query
@@
@@ CONVERGED (in 1 rounds). 
@@

//
Query:       LSAL_MADBUB||Other_KEN/574-581  [L=8]

Scores for complete sequences (score includes all domains):
   --- full sequence ---   --- best 1 domain ---    -#dom-
    E-value  score  bias    E-value  score  bias    exp  N  Sequence Description
    ------- ------ -----    ------- ------ -----   ---- --  -------- -----------

   [No hits detected that satisfy reporting thresholds]


Domain annotation for each sequence (and alignments):

   [No targets detected that satisfy reporting thresholds]


Internal pipeline statistics summary:
-------------------------------------
Query model(s):                              1  (8 nodes)
Target sequences:                           77  (85728 residues searched)
Passed MSV filter:                         1  (0.012987); expected 1.5 (0.02)
Passed bias filter:                        1  (0.012987); expected 1.5 (0.02)
Passed Vit filter:                         1  (0.012987); expected 0.1 (0.001)
Passed Fwd filter:                         0  (0); expected 0.0 (1e-05)
Initial search space (Z):                 77  [actual number of targets]
Domain search space  (domZ):               0  [number of targets reported over threshold]
# CPU time: 0.01u 0.00s 00:00:00.01 Elapsed: 00:00:00.01
# Mc/sec: 68.58

@@ New targets included:   0
@@ New alignment includes: 1 subseqs (was 1), including original query
@@
@@ CONVERGED (in 1 rounds). 
@@

//
Query:       SROS_MADBUB||Other_KEN/617-624  [L=8]

Scores for complete sequences (score includes all domains):
   --- full sequence ---   --- best 1 domain ---    -#dom-
    E-value  score  bias    E-value  score  bias    exp  N  Sequence Description
    ------- ------ -----    ------- ------ -----   ---- --  -------- -----------

   [No hits detected that satisfy reporting thresholds]


Domain annotation for each sequence (and alignments):

   [No targets detected that satisfy reporting thresholds]


Internal pipeline statistics summary:
-------------------------------------
Query model(s):                              1  (8 nodes)
Target sequences:                           77  (85728 residues searched)
Passed MSV filter:                        11  (0.142857); expected 1.5 (0.02)
Passed bias filter:                       11  (0.142857); expected 1.5 (0.02)
Passed Vit filter:                         2  (0.025974); expected 0.1 (0.001)
Passed Fwd filter:                         0  (0); expected 0.0 (1e-05)
Initial search space (Z):                 77  [actual number of targets]
Domain search space  (domZ):               0  [number of targets reported over threshold]
# CPU time: 0.01u 0.00s 00:00:00.01 Elapsed: 00:00:00.01
# Mc/sec: 68.58

@@ New targets included:   0
@@ New alignment includes: 1 subseqs (was 1), including original query
@@
@@ CONVERGED (in 1 rounds). 
@@

//
Query:       ACAS_MADBUB||Other_KEN/642-649  [L=8]

Scores for complete sequences (score includes all domains):
   --- full sequence ---   --- best 1 domain ---    -#dom-
    E-value  score  bias    E-value  score  bias    exp  N  Sequence Description
    ------- ------ -----    ------- ------ -----   ---- --  -------- -----------

   [No hits detected that satisfy reporting thresholds]


Domain annotation for each sequence (and alignments):

   [No targets detected that satisfy reporting thresholds]


Internal pipeline statistics summary:
-------------------------------------
Query model(s):                              1  (8 nodes)
Target sequences:                           77  (85728 residues searched)
Passed MSV filter:                         4  (0.0519481); expected 1.5 (0.02)
Passed bias filter:                        4  (0.0519481); expected 1.5 (0.02)
Passed Vit filter:                         1  (0.012987); expected 0.1 (0.001)
Passed Fwd filter:                         0  (0); expected 0.0 (1e-05)
Initial search space (Z):                 77  [actual number of targets]
Domain search space  (domZ):               0  [number of targets reported over threshold]
# CPU time: 0.00u 0.00s 00:00:00.00 Elapsed: 00:00:00.01
# Mc/sec: 68.58

@@ New targets included:   0
@@ New alignment includes: 1 subseqs (was 1), including original query
@@
@@ CONVERGED (in 1 rounds). 
@@

//
Query:       SARC_MADBUB||Other_KEN/772-779  [L=8]

Scores for complete sequences (score includes all domains):
   --- full sequence ---   --- best 1 domain ---    -#dom-
    E-value  score  bias    E-value  score  bias    exp  N  Sequence Description
    ------- ------ -----    ------- ------ -----   ---- --  -------- -----------

   [No hits detected that satisfy reporting thresholds]


Domain annotation for each sequence (and alignments):

   [No targets detected that satisfy reporting thresholds]


Internal pipeline statistics summary:
-------------------------------------
Query model(s):                              1  (8 nodes)
Target sequences:                           77  (85728 residues searched)
Passed MSV filter:                         4  (0.0519481); expected 1.5 (0.02)
Passed bias filter:                        3  (0.038961); expected 1.5 (0.02)
Passed Vit filter:                         1  (0.012987); expected 0.1 (0.001)
Passed Fwd filter:                         0  (0); expected 0.0 (1e-05)
Initial search space (Z):                 77  [actual number of targets]
Domain search space  (domZ):               0  [number of targets reported over threshold]
# CPU time: 0.01u 0.00s 00:00:00.01 Elapsed: 00:00:00.00
# Mc/sec: inf

@@ New targets included:   0
@@ New alignment includes: 1 subseqs (was 1), including original query
@@
@@ CONVERGED (in 1 rounds). 
@@

//
Query:       GTHE_MADBUB||Other_KEN/962-969  [L=8]

Scores for complete sequences (score includes all domains):
   --- full sequence ---   --- best 1 domain ---    -#dom-
    E-value  score  bias    E-value  score  bias    exp  N  Sequence Description
    ------- ------ -----    ------- ------ -----   ---- --  -------- -----------

   [No hits detected that satisfy reporting thresholds]


Domain annotation for each sequence (and alignments):

   [No targets detected that satisfy reporting thresholds]


Internal pipeline statistics summary:
-------------------------------------
Query model(s):                              1  (8 nodes)
Target sequences:                           77  (85728 residues searched)
Passed MSV filter:                         1  (0.012987); expected 1.5 (0.02)
Passed bias filter:                        1  (0.012987); expected 1.5 (0.02)
Passed Vit filter:                         1  (0.012987); expected 0.1 (0.001)
Passed Fwd filter:                         0  (0); expected 0.0 (1e-05)
Initial search space (Z):                 77  [actual number of targets]
Domain search space  (domZ):               0  [number of targets reported over threshold]
# CPU time: 0.01u 0.00s 00:00:00.01 Elapsed: 00:00:00.01
# Mc/sec: 68.58

@@ New targets included:   0
@@ New alignment includes: 1 subseqs (was 1), including original query
@@
@@ CONVERGED (in 1 rounds). 
@@

//
Query:       DDIS_MADBUB||Other_KEN/855-862  [L=8]

Scores for complete sequences (score includes all domains):
   --- full sequence ---   --- best 1 domain ---    -#dom-
    E-value  score  bias    E-value  score  bias    exp  N  Sequence Description
    ------- ------ -----    ------- ------ -----   ---- --  -------- -----------

   [No hits detected that satisfy reporting thresholds]


Domain annotation for each sequence (and alignments):

   [No targets detected that satisfy reporting thresholds]


Internal pipeline statistics summary:
-------------------------------------
Query model(s):                              1  (8 nodes)
Target sequences:                           77  (85728 residues searched)
Passed MSV filter:                         1  (0.012987); expected 1.5 (0.02)
Passed bias filter:                        1  (0.012987); expected 1.5 (0.02)
Passed Vit filter:                         1  (0.012987); expected 0.1 (0.001)
Passed Fwd filter:                         0  (0); expected 0.0 (1e-05)
Initial search space (Z):                 77  [actual number of targets]
Domain search space  (domZ):               0  [number of targets reported over threshold]
# CPU time: 0.01u 0.00s 00:00:00.01 Elapsed: 00:00:00.01
# Mc/sec: 68.58

@@ New targets included:   0
@@ New alignment includes: 1 subseqs (was 1), including original query
@@
@@ CONVERGED (in 1 rounds). 
@@

//
Query:       ZNEV_MADBUB||Other_KEN/1146-1153  [L=8]

Scores for complete sequences (score includes all domains):
   --- full sequence ---   --- best 1 domain ---    -#dom-
    E-value  score  bias    E-value  score  bias    exp  N  Sequence Description
    ------- ------ -----    ------- ------ -----   ---- --  -------- -----------

   [No hits detected that satisfy reporting thresholds]


Domain annotation for each sequence (and alignments):

   [No targets detected that satisfy reporting thresholds]


Internal pipeline statistics summary:
-------------------------------------
Query model(s):                              1  (8 nodes)
Target sequences:                           77  (85728 residues searched)
Passed MSV filter:                         2  (0.025974); expected 1.5 (0.02)
Passed bias filter:                        2  (0.025974); expected 1.5 (0.02)
Passed Vit filter:                         1  (0.012987); expected 0.1 (0.001)
Passed Fwd filter:                         0  (0); expected 0.0 (1e-05)
Initial search space (Z):                 77  [actual number of targets]
Domain search space  (domZ):               0  [number of targets reported over threshold]
# CPU time: 0.01u 0.00s 00:00:00.01 Elapsed: 00:00:00.00
# Mc/sec: inf

@@ New targets included:   0
@@ New alignment includes: 1 subseqs (was 1), including original query
@@
@@ CONVERGED (in 1 rounds). 
@@

//
Query:       BFLO_MADBUB||Other_KEN/545-552  [L=8]

Scores for complete sequences (score includes all domains):
   --- full sequence ---   --- best 1 domain ---    -#dom-
    E-value  score  bias    E-value  score  bias    exp  N  Sequence Description
    ------- ------ -----    ------- ------ -----   ---- --  -------- -----------

   [No hits detected that satisfy reporting thresholds]


Domain annotation for each sequence (and alignments):

   [No targets detected that satisfy reporting thresholds]


Internal pipeline statistics summary:
-------------------------------------
Query model(s):                              1  (8 nodes)
Target sequences:                           77  (85728 residues searched)
Passed MSV filter:                         1  (0.012987); expected 1.5 (0.02)
Passed bias filter:                        1  (0.012987); expected 1.5 (0.02)
Passed Vit filter:                         1  (0.012987); expected 0.1 (0.001)
Passed Fwd filter:                         0  (0); expected 0.0 (1e-05)
Initial search space (Z):                 77  [actual number of targets]
Domain search space  (domZ):               0  [number of targets reported over threshold]
# CPU time: 0.01u 0.00s 00:00:00.01 Elapsed: 00:00:00.00
# Mc/sec: inf

@@ New targets included:   0
@@ New alignment includes: 1 subseqs (was 1), including original query
@@
@@ CONVERGED (in 1 rounds). 
@@

//
Query:       SKOW_MADBUB||Other_KEN/1135-1142  [L=8]

Scores for complete sequences (score includes all domains):
   --- full sequence ---   --- best 1 domain ---    -#dom-
    E-value  score  bias    E-value  score  bias    exp  N  Sequence Description
    ------- ------ -----    ------- ------ -----   ---- --  -------- -----------

   [No hits detected that satisfy reporting thresholds]


Domain annotation for each sequence (and alignments):

   [No targets detected that satisfy reporting thresholds]


Internal pipeline statistics summary:
-------------------------------------
Query model(s):                              1  (8 nodes)
Target sequences:                           77  (85728 residues searched)
Passed MSV filter:                         1  (0.012987); expected 1.5 (0.02)
Passed bias filter:                        1  (0.012987); expected 1.5 (0.02)
Passed Vit filter:                         1  (0.012987); expected 0.1 (0.001)
Passed Fwd filter:                         0  (0); expected 0.0 (1e-05)
Initial search space (Z):                 77  [actual number of targets]
Domain search space  (domZ):               0  [number of targets reported over threshold]
# CPU time: 0.01u 0.00s 00:00:00.01 Elapsed: 00:00:00.01
# Mc/sec: 68.58

@@ New targets included:   0
@@ New alignment includes: 1 subseqs (was 1), including original query
@@
@@ CONVERGED (in 1 rounds). 
@@

//
Query:       BNAT_MADBUB_B||Other_KEN/21-28  [L=8]

Scores for complete sequences (score includes all domains):
   --- full sequence ---   --- best 1 domain ---    -#dom-
    E-value  score  bias    E-value  score  bias    exp  N  Sequence Description
    ------- ------ -----    ------- ------ -----   ---- --  -------- -----------

   [No hits detected that satisfy reporting thresholds]


Domain annotation for each sequence (and alignments):

   [No targets detected that satisfy reporting thresholds]


Internal pipeline statistics summary:
-------------------------------------
Query model(s):                              1  (8 nodes)
Target sequences:                           77  (85728 residues searched)
Passed MSV filter:                         3  (0.038961); expected 1.5 (0.02)
Passed bias filter:                        2  (0.025974); expected 1.5 (0.02)
Passed Vit filter:                         1  (0.012987); expected 0.1 (0.001)
Passed Fwd filter:                         0  (0); expected 0.0 (1e-05)
Initial search space (Z):                 77  [actual number of targets]
Domain search space  (domZ):               0  [number of targets reported over threshold]
# CPU time: 0.01u 0.00s 00:00:00.01 Elapsed: 00:00:00.01
# Mc/sec: 68.58

@@ New targets included:   0
@@ New alignment includes: 1 subseqs (was 1), including original query
@@
@@ CONVERGED (in 1 rounds). 
@@

//
Query:       ZNEV_MADBUB||Other_KEN/966-973  [L=8]

Scores for complete sequences (score includes all domains):
   --- full sequence ---   --- best 1 domain ---    -#dom-
    E-value  score  bias    E-value  score  bias    exp  N  Sequence Description
    ------- ------ -----    ------- ------ -----   ---- --  -------- -----------

   [No hits detected that satisfy reporting thresholds]


Domain annotation for each sequence (and alignments):

   [No targets detected that satisfy reporting thresholds]


Internal pipeline statistics summary:
-------------------------------------
Query model(s):                              1  (8 nodes)
Target sequences:                           77  (85728 residues searched)
Passed MSV filter:                         1  (0.012987); expected 1.5 (0.02)
Passed bias filter:                        1  (0.012987); expected 1.5 (0.02)
Passed Vit filter:                         1  (0.012987); expected 0.1 (0.001)
Passed Fwd filter:                         0  (0); expected 0.0 (1e-05)
Initial search space (Z):                 77  [actual number of targets]
Domain search space  (domZ):               0  [number of targets reported over threshold]
# CPU time: 0.00u 0.00s 00:00:00.00 Elapsed: 00:00:00.01
# Mc/sec: 68.58

@@ New targets included:   0
@@ New alignment includes: 1 subseqs (was 1), including original query
@@
@@ CONVERGED (in 1 rounds). 
@@

//
Query:       CSUB_MADBUB||Other_KEN/951-958  [L=8]

Scores for complete sequences (score includes all domains):
   --- full sequence ---   --- best 1 domain ---    -#dom-
    E-value  score  bias    E-value  score  bias    exp  N  Sequence Description
    ------- ------ -----    ------- ------ -----   ---- --  -------- -----------

   [No hits detected that satisfy reporting thresholds]


Domain annotation for each sequence (and alignments):

   [No targets detected that satisfy reporting thresholds]


Internal pipeline statistics summary:
-------------------------------------
Query model(s):                              1  (8 nodes)
Target sequences:                           77  (85728 residues searched)
Passed MSV filter:                         1  (0.012987); expected 1.5 (0.02)
Passed bias filter:                        1  (0.012987); expected 1.5 (0.02)
Passed Vit filter:                         1  (0.012987); expected 0.1 (0.001)
Passed Fwd filter:                         0  (0); expected 0.0 (1e-05)
Initial search space (Z):                 77  [actual number of targets]
Domain search space  (domZ):               0  [number of targets reported over threshold]
# CPU time: 0.00u 0.01s 00:00:00.01 Elapsed: 00:00:00.00
# Mc/sec: inf

@@ New targets included:   0
@@ New alignment includes: 1 subseqs (was 1), including original query
@@
@@ CONVERGED (in 1 rounds). 
@@

//
Query:       ACAS_MADBUB||Other_KEN/698-705  [L=8]

Scores for complete sequences (score includes all domains):
   --- full sequence ---   --- best 1 domain ---    -#dom-
    E-value  score  bias    E-value  score  bias    exp  N  Sequence Description
    ------- ------ -----    ------- ------ -----   ---- --  -------- -----------

   [No hits detected that satisfy reporting thresholds]


Domain annotation for each sequence (and alignments):

   [No targets detected that satisfy reporting thresholds]


Internal pipeline statistics summary:
-------------------------------------
Query model(s):                              1  (8 nodes)
Target sequences:                           77  (85728 residues searched)
Passed MSV filter:                         4  (0.0519481); expected 1.5 (0.02)
Passed bias filter:                        3  (0.038961); expected 1.5 (0.02)
Passed Vit filter:                         1  (0.012987); expected 0.1 (0.001)
Passed Fwd filter:                         0  (0); expected 0.0 (1e-05)
Initial search space (Z):                 77  [actual number of targets]
Domain search space  (domZ):               0  [number of targets reported over threshold]
# CPU time: 0.01u 0.00s 00:00:00.01 Elapsed: 00:00:00.01
# Mc/sec: 68.58

@@ New targets included:   0
@@ New alignment includes: 1 subseqs (was 1), including original query
@@
@@ CONVERGED (in 1 rounds). 
@@

//
Query:       ZNEV_MADBUB||Other_KEN/998-1005  [L=8]

Scores for complete sequences (score includes all domains):
   --- full sequence ---   --- best 1 domain ---    -#dom-
    E-value  score  bias    E-value  score  bias    exp  N  Sequence Description
    ------- ------ -----    ------- ------ -----   ---- --  -------- -----------

   [No hits detected that satisfy reporting thresholds]


Domain annotation for each sequence (and alignments):

   [No targets detected that satisfy reporting thresholds]


Internal pipeline statistics summary:
-------------------------------------
Query model(s):                              1  (8 nodes)
Target sequences:                           77  (85728 residues searched)
Passed MSV filter:                         3  (0.038961); expected 1.5 (0.02)
Passed bias filter:                        2  (0.025974); expected 1.5 (0.02)
Passed Vit filter:                         1  (0.012987); expected 0.1 (0.001)
Passed Fwd filter:                         0  (0); expected 0.0 (1e-05)
Initial search space (Z):                 77  [actual number of targets]
Domain search space  (domZ):               0  [number of targets reported over threshold]
# CPU time: 0.01u 0.00s 00:00:00.01 Elapsed: 00:00:00.01
# Mc/sec: 68.58

@@ New targets included:   0
@@ New alignment includes: 1 subseqs (was 1), including original query
@@
@@ CONVERGED (in 1 rounds). 
@@

//
Query:       BPRA_MADBUB||Other_KEN/767-774  [L=8]

Scores for complete sequences (score includes all domains):
   --- full sequence ---   --- best 1 domain ---    -#dom-
    E-value  score  bias    E-value  score  bias    exp  N  Sequence Description
    ------- ------ -----    ------- ------ -----   ---- --  -------- -----------

   [No hits detected that satisfy reporting thresholds]


Domain annotation for each sequence (and alignments):

   [No targets detected that satisfy reporting thresholds]


Internal pipeline statistics summary:
-------------------------------------
Query model(s):                              1  (8 nodes)
Target sequences:                           77  (85728 residues searched)
Passed MSV filter:                         1  (0.012987); expected 1.5 (0.02)
Passed bias filter:                        1  (0.012987); expected 1.5 (0.02)
Passed Vit filter:                         1  (0.012987); expected 0.1 (0.001)
Passed Fwd filter:                         0  (0); expected 0.0 (1e-05)
Initial search space (Z):                 77  [actual number of targets]
Domain search space  (domZ):               0  [number of targets reported over threshold]
# CPU time: 0.01u 0.00s 00:00:00.01 Elapsed: 00:00:00.00
# Mc/sec: inf

@@ New targets included:   0
@@ New alignment includes: 1 subseqs (was 1), including original query
@@
@@ CONVERGED (in 1 rounds). 
@@

//
Query:       NVIT_MADBUB||Other_KEN/949-956  [L=8]

Scores for complete sequences (score includes all domains):
   --- full sequence ---   --- best 1 domain ---    -#dom-
    E-value  score  bias    E-value  score  bias    exp  N  Sequence Description
    ------- ------ -----    ------- ------ -----   ---- --  -------- -----------

   [No hits detected that satisfy reporting thresholds]


Domain annotation for each sequence (and alignments):

   [No targets detected that satisfy reporting thresholds]


Internal pipeline statistics summary:
-------------------------------------
Query model(s):                              1  (8 nodes)
Target sequences:                           77  (85728 residues searched)
Passed MSV filter:                         1  (0.012987); expected 1.5 (0.02)
Passed bias filter:                        1  (0.012987); expected 1.5 (0.02)
Passed Vit filter:                         1  (0.012987); expected 0.1 (0.001)
Passed Fwd filter:                         0  (0); expected 0.0 (1e-05)
Initial search space (Z):                 77  [actual number of targets]
Domain search space  (domZ):               0  [number of targets reported over threshold]
# CPU time: 0.01u 0.00s 00:00:00.01 Elapsed: 00:00:00.01
# Mc/sec: 68.58

@@ New targets included:   0
@@ New alignment includes: 1 subseqs (was 1), including original query
@@
@@ CONVERGED (in 1 rounds). 
@@

//
Query:       MPOL_MADBUB||Other_KEN/878-885  [L=8]

Scores for complete sequences (score includes all domains):
   --- full sequence ---   --- best 1 domain ---    -#dom-
    E-value  score  bias    E-value  score  bias    exp  N  Sequence Description
    ------- ------ -----    ------- ------ -----   ---- --  -------- -----------

   [No hits detected that satisfy reporting thresholds]


Domain annotation for each sequence (and alignments):

   [No targets detected that satisfy reporting thresholds]


Internal pipeline statistics summary:
-------------------------------------
Query model(s):                              1  (8 nodes)
Target sequences:                           77  (85728 residues searched)
Passed MSV filter:                         2  (0.025974); expected 1.5 (0.02)
Passed bias filter:                        2  (0.025974); expected 1.5 (0.02)
Passed Vit filter:                         1  (0.012987); expected 0.1 (0.001)
Passed Fwd filter:                         0  (0); expected 0.0 (1e-05)
Initial search space (Z):                 77  [actual number of targets]
Domain search space  (domZ):               0  [number of targets reported over threshold]
# CPU time: 0.00u 0.01s 00:00:00.01 Elapsed: 00:00:00.01
# Mc/sec: 68.58

@@ New targets included:   0
@@ New alignment includes: 1 subseqs (was 1), including original query
@@
@@ CONVERGED (in 1 rounds). 
@@

//
Query:       CSUB_MADBUB||Other_KEN/1081-1088  [L=8]

Scores for complete sequences (score includes all domains):
   --- full sequence ---   --- best 1 domain ---    -#dom-
    E-value  score  bias    E-value  score  bias    exp  N  Sequence Description
    ------- ------ -----    ------- ------ -----   ---- --  -------- -----------

   [No hits detected that satisfy reporting thresholds]


Domain annotation for each sequence (and alignments):

   [No targets detected that satisfy reporting thresholds]


Internal pipeline statistics summary:
-------------------------------------
Query model(s):                              1  (8 nodes)
Target sequences:                           77  (85728 residues searched)
Passed MSV filter:                         1  (0.012987); expected 1.5 (0.02)
Passed bias filter:                        1  (0.012987); expected 1.5 (0.02)
Passed Vit filter:                         1  (0.012987); expected 0.1 (0.001)
Passed Fwd filter:                         0  (0); expected 0.0 (1e-05)
Initial search space (Z):                 77  [actual number of targets]
Domain search space  (domZ):               0  [number of targets reported over threshold]
# CPU time: 0.01u 0.00s 00:00:00.01 Elapsed: 00:00:00.01
# Mc/sec: 68.58

@@ New targets included:   0
@@ New alignment includes: 1 subseqs (was 1), including original query
@@
@@ CONVERGED (in 1 rounds). 
@@

//
Query:       CSUB_MADBUB||Other_KEN/1216-1223  [L=8]

Scores for complete sequences (score includes all domains):
   --- full sequence ---   --- best 1 domain ---    -#dom-
    E-value  score  bias    E-value  score  bias    exp  N  Sequence Description
    ------- ------ -----    ------- ------ -----   ---- --  -------- -----------

   [No hits detected that satisfy reporting thresholds]


Domain annotation for each sequence (and alignments):

   [No targets detected that satisfy reporting thresholds]


Internal pipeline statistics summary:
-------------------------------------
Query model(s):                              1  (8 nodes)
Target sequences:                           77  (85728 residues searched)
Passed MSV filter:                         3  (0.038961); expected 1.5 (0.02)
Passed bias filter:                        3  (0.038961); expected 1.5 (0.02)
Passed Vit filter:                         1  (0.012987); expected 0.1 (0.001)
Passed Fwd filter:                         0  (0); expected 0.0 (1e-05)
Initial search space (Z):                 77  [actual number of targets]
Domain search space  (domZ):               0  [number of targets reported over threshold]
# CPU time: 0.01u 0.00s 00:00:00.01 Elapsed: 00:00:00.00
# Mc/sec: inf

@@ New targets included:   0
@@ New alignment includes: 1 subseqs (was 1), including original query
@@
@@ CONVERGED (in 1 rounds). 
@@

//
Query:       ZNEV_MADBUB||Other_KEN/719-726  [L=8]

Scores for complete sequences (score includes all domains):
   --- full sequence ---   --- best 1 domain ---    -#dom-
    E-value  score  bias    E-value  score  bias    exp  N  Sequence Description
    ------- ------ -----    ------- ------ -----   ---- --  -------- -----------

   [No hits detected that satisfy reporting thresholds]


Domain annotation for each sequence (and alignments):

   [No targets detected that satisfy reporting thresholds]


Internal pipeline statistics summary:
-------------------------------------
Query model(s):                              1  (8 nodes)
Target sequences:                           77  (85728 residues searched)
Passed MSV filter:                         1  (0.012987); expected 1.5 (0.02)
Passed bias filter:                        1  (0.012987); expected 1.5 (0.02)
Passed Vit filter:                         1  (0.012987); expected 0.1 (0.001)
Passed Fwd filter:                         0  (0); expected 0.0 (1e-05)
Initial search space (Z):                 77  [actual number of targets]
Domain search space  (domZ):               0  [number of targets reported over threshold]
# CPU time: 0.00u 0.00s 00:00:00.00 Elapsed: 00:00:00.01
# Mc/sec: 68.58

@@ New targets included:   0
@@ New alignment includes: 1 subseqs (was 1), including original query
@@
@@ CONVERGED (in 1 rounds). 
@@

//
Query:       ACAS_MADBUB||Other_KEN/7-14  [L=8]

Scores for complete sequences (score includes all domains):
   --- full sequence ---   --- best 1 domain ---    -#dom-
    E-value  score  bias    E-value  score  bias    exp  N  Sequence Description
    ------- ------ -----    ------- ------ -----   ---- --  -------- -----------

   [No hits detected that satisfy reporting thresholds]


Domain annotation for each sequence (and alignments):

   [No targets detected that satisfy reporting thresholds]


Internal pipeline statistics summary:
-------------------------------------
Query model(s):                              1  (8 nodes)
Target sequences:                           77  (85728 residues searched)
Passed MSV filter:                         3  (0.038961); expected 1.5 (0.02)
Passed bias filter:                        3  (0.038961); expected 1.5 (0.02)
Passed Vit filter:                         1  (0.012987); expected 0.1 (0.001)
Passed Fwd filter:                         0  (0); expected 0.0 (1e-05)
Initial search space (Z):                 77  [actual number of targets]
Domain search space  (domZ):               0  [number of targets reported over threshold]
# CPU time: 0.01u 0.00s 00:00:00.01 Elapsed: 00:00:00.01
# Mc/sec: 68.58

@@ New targets included:   0
@@ New alignment includes: 1 subseqs (was 1), including original query
@@
@@ CONVERGED (in 1 rounds). 
@@

//
Query:       TADH_MADBUB||Other_KEN/7-14  [L=8]

Scores for complete sequences (score includes all domains):
   --- full sequence ---   --- best 1 domain ---    -#dom-
    E-value  score  bias    E-value  score  bias    exp  N  Sequence Description
    ------- ------ -----    ------- ------ -----   ---- --  -------- -----------

   [No hits detected that satisfy reporting thresholds]


Domain annotation for each sequence (and alignments):

   [No targets detected that satisfy reporting thresholds]


Internal pipeline statistics summary:
-------------------------------------
Query model(s):                              1  (8 nodes)
Target sequences:                           77  (85728 residues searched)
Passed MSV filter:                         1  (0.012987); expected 1.5 (0.02)
Passed bias filter:                        1  (0.012987); expected 1.5 (0.02)
Passed Vit filter:                         1  (0.012987); expected 0.1 (0.001)
Passed Fwd filter:                         0  (0); expected 0.0 (1e-05)
Initial search space (Z):                 77  [actual number of targets]
Domain search space  (domZ):               0  [number of targets reported over threshold]
# CPU time: 0.01u 0.00s 00:00:00.01 Elapsed: 00:00:00.01
# Mc/sec: 68.58

@@ New targets included:   0
@@ New alignment includes: 1 subseqs (was 1), including original query
@@
@@ CONVERGED (in 1 rounds). 
@@

//
[ok]
