# jackhmmer :: iteratively search a protein sequence against a protein database
# HMMER 3.1b2 (February 2015); http://hmmer.org/
# Copyright (C) 2015 Howard Hughes Medical Institute.
# Freely distributed under the GNU General Public License (GPLv3).
# - - - - - - - - - - - - - - - - - - - - - - - - - - - - - - - - - - - -
# query sequence file:             TromerBuBR1_Other_KEN.fasta
# target sequence database:        ../../../Sequences/rsob160315supp3.fasta
# per-seq hits tabular output:     TromerBuBR1_Other_KEN_jackhmmer.tblout
# per-dom hits tabular output:     TromerBuBR1_Other_KEN_jackhmmer.domtblout
# query <seqfile> format asserted: fasta
# target <seqdb> format asserted:  fasta
# - - - - - - - - - - - - - - - - - - - - - - - - - - - - - - - - - - - -

Query:       AGAM_MAD||Other_KEN/566-573  [L=8]

Scores for complete sequences (score includes all domains):
   --- full sequence ---   --- best 1 domain ---    -#dom-
    E-value  score  bias    E-value  score  bias    exp  N  Sequence Description
    ------- ------ -----    ------- ------ -----   ---- --  -------- -----------

   [No hits detected that satisfy reporting thresholds]


Domain annotation for each sequence (and alignments):

   [No targets detected that satisfy reporting thresholds]


Internal pipeline statistics summary:
-------------------------------------
Query model(s):                              1  (8 nodes)
Target sequences:                          152  (145138 residues searched)
Passed MSV filter:                         3  (0.0197368); expected 3.0 (0.02)
Passed bias filter:                        2  (0.0131579); expected 3.0 (0.02)
Passed Vit filter:                         1  (0.00657895); expected 0.2 (0.001)
Passed Fwd filter:                         0  (0); expected 0.0 (1e-05)
Initial search space (Z):                152  [actual number of targets]
Domain search space  (domZ):               0  [number of targets reported over threshold]
# CPU time: 0.00u 0.00s 00:00:00.00 Elapsed: 00:00:00.01
# Mc/sec: 116.11

@@ New targets included:   0
@@ New alignment includes: 1 subseqs (was 1), including original query
@@
@@ CONVERGED (in 1 rounds). 
@@

//
Query:       ACAR_MAD||Other_KEN/571-578  [L=8]

Scores for complete sequences (score includes all domains):
   --- full sequence ---   --- best 1 domain ---    -#dom-
    E-value  score  bias    E-value  score  bias    exp  N  Sequence Description
    ------- ------ -----    ------- ------ -----   ---- --  -------- -----------

   [No hits detected that satisfy reporting thresholds]


Domain annotation for each sequence (and alignments):

   [No targets detected that satisfy reporting thresholds]


Internal pipeline statistics summary:
-------------------------------------
Query model(s):                              1  (8 nodes)
Target sequences:                          152  (145138 residues searched)
Passed MSV filter:                        29  (0.190789); expected 3.0 (0.02)
Passed bias filter:                       28  (0.184211); expected 3.0 (0.02)
Passed Vit filter:                         1  (0.00657895); expected 0.2 (0.001)
Passed Fwd filter:                         0  (0); expected 0.0 (1e-05)
Initial search space (Z):                152  [actual number of targets]
Domain search space  (domZ):               0  [number of targets reported over threshold]
# CPU time: 0.01u 0.00s 00:00:00.01 Elapsed: 00:00:00.00
# Mc/sec: inf

@@ New targets included:   0
@@ New alignment includes: 1 subseqs (was 1), including original query
@@
@@ CONVERGED (in 1 rounds). 
@@

//
Query:       ACEY_MAD||Other_KEN/373-380  [L=8]

Scores for complete sequences (score includes all domains):
   --- full sequence ---   --- best 1 domain ---    -#dom-
    E-value  score  bias    E-value  score  bias    exp  N  Sequence Description
    ------- ------ -----    ------- ------ -----   ---- --  -------- -----------

   [No hits detected that satisfy reporting thresholds]


Domain annotation for each sequence (and alignments):

   [No targets detected that satisfy reporting thresholds]


Internal pipeline statistics summary:
-------------------------------------
Query model(s):                              1  (8 nodes)
Target sequences:                          152  (145138 residues searched)
Passed MSV filter:                         7  (0.0460526); expected 3.0 (0.02)
Passed bias filter:                        5  (0.0328947); expected 3.0 (0.02)
Passed Vit filter:                         1  (0.00657895); expected 0.2 (0.001)
Passed Fwd filter:                         0  (0); expected 0.0 (1e-05)
Initial search space (Z):                152  [actual number of targets]
Domain search space  (domZ):               0  [number of targets reported over threshold]
# CPU time: 0.01u 0.00s 00:00:00.01 Elapsed: 00:00:00.01
# Mc/sec: 116.11

@@ New targets included:   0
@@ New alignment includes: 1 subseqs (was 1), including original query
@@
@@ CONVERGED (in 1 rounds). 
@@

//
Query:       AGAM_MAD||Other_KEN/735-742  [L=8]

Scores for complete sequences (score includes all domains):
   --- full sequence ---   --- best 1 domain ---    -#dom-
    E-value  score  bias    E-value  score  bias    exp  N  Sequence Description
    ------- ------ -----    ------- ------ -----   ---- --  -------- -----------

   [No hits detected that satisfy reporting thresholds]


Domain annotation for each sequence (and alignments):

   [No targets detected that satisfy reporting thresholds]


Internal pipeline statistics summary:
-------------------------------------
Query model(s):                              1  (8 nodes)
Target sequences:                          152  (145138 residues searched)
Passed MSV filter:                         2  (0.0131579); expected 3.0 (0.02)
Passed bias filter:                        1  (0.00657895); expected 3.0 (0.02)
Passed Vit filter:                         1  (0.00657895); expected 0.2 (0.001)
Passed Fwd filter:                         0  (0); expected 0.0 (1e-05)
Initial search space (Z):                152  [actual number of targets]
Domain search space  (domZ):               0  [number of targets reported over threshold]
# CPU time: 0.01u 0.00s 00:00:00.01 Elapsed: 00:00:00.01
# Mc/sec: 116.11

@@ New targets included:   0
@@ New alignment includes: 1 subseqs (was 1), including original query
@@
@@ CONVERGED (in 1 rounds). 
@@

//
Query:       DMEL_MAD||Other_KEN/967-974  [L=8]

Scores for complete sequences (score includes all domains):
   --- full sequence ---   --- best 1 domain ---    -#dom-
    E-value  score  bias    E-value  score  bias    exp  N  Sequence Description
    ------- ------ -----    ------- ------ -----   ---- --  -------- -----------

   [No hits detected that satisfy reporting thresholds]


Domain annotation for each sequence (and alignments):

   [No targets detected that satisfy reporting thresholds]


Internal pipeline statistics summary:
-------------------------------------
Query model(s):                              1  (8 nodes)
Target sequences:                          152  (145138 residues searched)
Passed MSV filter:                         5  (0.0328947); expected 3.0 (0.02)
Passed bias filter:                        4  (0.0263158); expected 3.0 (0.02)
Passed Vit filter:                         1  (0.00657895); expected 0.2 (0.001)
Passed Fwd filter:                         0  (0); expected 0.0 (1e-05)
Initial search space (Z):                152  [actual number of targets]
Domain search space  (domZ):               0  [number of targets reported over threshold]
# CPU time: 0.01u 0.00s 00:00:00.01 Elapsed: 00:00:00.01
# Mc/sec: 116.11

@@ New targets included:   0
@@ New alignment includes: 1 subseqs (was 1), including original query
@@
@@ CONVERGED (in 1 rounds). 
@@

//
Query:       ATHA_MAD||Other_KEN/219-226  [L=8]

Scores for complete sequences (score includes all domains):
   --- full sequence ---   --- best 1 domain ---    -#dom-
    E-value  score  bias    E-value  score  bias    exp  N  Sequence Description
    ------- ------ -----    ------- ------ -----   ---- --  -------- -----------
  ------ inclusion threshold ------
      0.014    8.1   3.5       0.12    5.8   0.4    3.5  2  ATHA_MAD  


Domain annotation for each sequence (and alignments):
>> ATHA_MAD  
   #    score  bias  c-Evalue  i-Evalue hmmfrom  hmm to    alifrom  ali to    envfrom  env to     acc
 ---   ------ ----- --------- --------- ------- -------    ------- -------    ------- -------    ----
   1 ?    5.8   0.4   0.00081      0.12       1       8 []     219     226 ..     219     226 .. 0.96
   2 ?    0.8   0.2     0.098        15       2       8 .]     305     311 ..     304     311 .. 0.90

  Alignments for each domain:
  == domain 1  score: 5.8 bits;  conditional E-value: 0.00081
  ATHA_MAD||Other_KEN/219-226   1 pkenndlp 8  
                                  pkenndlp
                     ATHA_MAD 219 PKENNDLP 226
                                  9******9 PP

  == domain 2  score: 0.8 bits;  conditional E-value: 0.098
  ATHA_MAD||Other_KEN/219-226   2 kenndlp 8  
                                  kenn lp
                     ATHA_MAD 305 KENNSLP 311
                                  8****98 PP



Internal pipeline statistics summary:
-------------------------------------
Query model(s):                              1  (8 nodes)
Target sequences:                          152  (145138 residues searched)
Passed MSV filter:                         4  (0.0263158); expected 3.0 (0.02)
Passed bias filter:                        3  (0.0197368); expected 3.0 (0.02)
Passed Vit filter:                         1  (0.00657895); expected 0.2 (0.001)
Passed Fwd filter:                         1  (0.00657895); expected 0.0 (1e-05)
Initial search space (Z):                152  [actual number of targets]
Domain search space  (domZ):               1  [number of targets reported over threshold]
# CPU time: 0.00u 0.00s 00:00:00.00 Elapsed: 00:00:00.01
# Mc/sec: 116.11

@@ New targets included:   0
@@ New alignment includes: 1 subseqs (was 1), including original query
@@
@@ CONVERGED (in 1 rounds). 
@@

//
Query:       DMEL_MAD||Other_KEN/1101-1108  [L=8]

Scores for complete sequences (score includes all domains):
   --- full sequence ---   --- best 1 domain ---    -#dom-
    E-value  score  bias    E-value  score  bias    exp  N  Sequence Description
    ------- ------ -----    ------- ------ -----   ---- --  -------- -----------

   [No hits detected that satisfy reporting thresholds]


Domain annotation for each sequence (and alignments):

   [No targets detected that satisfy reporting thresholds]


Internal pipeline statistics summary:
-------------------------------------
Query model(s):                              1  (8 nodes)
Target sequences:                          152  (145138 residues searched)
Passed MSV filter:                         2  (0.0131579); expected 3.0 (0.02)
Passed bias filter:                        1  (0.00657895); expected 3.0 (0.02)
Passed Vit filter:                         1  (0.00657895); expected 0.2 (0.001)
Passed Fwd filter:                         0  (0); expected 0.0 (1e-05)
Initial search space (Z):                152  [actual number of targets]
Domain search space  (domZ):               0  [number of targets reported over threshold]
# CPU time: 0.01u 0.00s 00:00:00.01 Elapsed: 00:00:00.00
# Mc/sec: inf

@@ New targets included:   0
@@ New alignment includes: 1 subseqs (was 1), including original query
@@
@@ CONVERGED (in 1 rounds). 
@@

//
Query:       LOCU_MAD||Other_KEN/1029-1036  [L=8]

Scores for complete sequences (score includes all domains):
   --- full sequence ---   --- best 1 domain ---    -#dom-
    E-value  score  bias    E-value  score  bias    exp  N  Sequence Description
    ------- ------ -----    ------- ------ -----   ---- --  -------- -----------

   [No hits detected that satisfy reporting thresholds]


Domain annotation for each sequence (and alignments):

   [No targets detected that satisfy reporting thresholds]


Internal pipeline statistics summary:
-------------------------------------
Query model(s):                              1  (8 nodes)
Target sequences:                          152  (145138 residues searched)
Passed MSV filter:                         2  (0.0131579); expected 3.0 (0.02)
Passed bias filter:                        2  (0.0131579); expected 3.0 (0.02)
Passed Vit filter:                         1  (0.00657895); expected 0.2 (0.001)
Passed Fwd filter:                         0  (0); expected 0.0 (1e-05)
Initial search space (Z):                152  [actual number of targets]
Domain search space  (domZ):               0  [number of targets reported over threshold]
# CPU time: 0.01u 0.00s 00:00:00.01 Elapsed: 00:00:00.01
# Mc/sec: 116.11

@@ New targets included:   0
@@ New alignment includes: 1 subseqs (was 1), including original query
@@
@@ CONVERGED (in 1 rounds). 
@@

//
Query:       LOCU_MAD||Other_KEN/1067-1074  [L=8]

Scores for complete sequences (score includes all domains):
   --- full sequence ---   --- best 1 domain ---    -#dom-
    E-value  score  bias    E-value  score  bias    exp  N  Sequence Description
    ------- ------ -----    ------- ------ -----   ---- --  -------- -----------

   [No hits detected that satisfy reporting thresholds]


Domain annotation for each sequence (and alignments):

   [No targets detected that satisfy reporting thresholds]


Internal pipeline statistics summary:
-------------------------------------
Query model(s):                              1  (8 nodes)
Target sequences:                          152  (145138 residues searched)
Passed MSV filter:                         3  (0.0197368); expected 3.0 (0.02)
Passed bias filter:                        2  (0.0131579); expected 3.0 (0.02)
Passed Vit filter:                         1  (0.00657895); expected 0.2 (0.001)
Passed Fwd filter:                         0  (0); expected 0.0 (1e-05)
Initial search space (Z):                152  [actual number of targets]
Domain search space  (domZ):               0  [number of targets reported over threshold]
# CPU time: 0.00u 0.00s 00:00:00.00 Elapsed: 00:00:00.01
# Mc/sec: 116.11

@@ New targets included:   0
@@ New alignment includes: 1 subseqs (was 1), including original query
@@
@@ CONVERGED (in 1 rounds). 
@@

//
Query:       LOCU_MAD||Other_KEN/1012-1019  [L=8]

Scores for complete sequences (score includes all domains):
   --- full sequence ---   --- best 1 domain ---    -#dom-
    E-value  score  bias    E-value  score  bias    exp  N  Sequence Description
    ------- ------ -----    ------- ------ -----   ---- --  -------- -----------

   [No hits detected that satisfy reporting thresholds]


Domain annotation for each sequence (and alignments):

   [No targets detected that satisfy reporting thresholds]


Internal pipeline statistics summary:
-------------------------------------
Query model(s):                              1  (8 nodes)
Target sequences:                          152  (145138 residues searched)
Passed MSV filter:                         5  (0.0328947); expected 3.0 (0.02)
Passed bias filter:                        4  (0.0263158); expected 3.0 (0.02)
Passed Vit filter:                         1  (0.00657895); expected 0.2 (0.001)
Passed Fwd filter:                         0  (0); expected 0.0 (1e-05)
Initial search space (Z):                152  [actual number of targets]
Domain search space  (domZ):               0  [number of targets reported over threshold]
# CPU time: 0.00u 0.01s 00:00:00.01 Elapsed: 00:00:00.01
# Mc/sec: 116.11

@@ New targets included:   0
@@ New alignment includes: 1 subseqs (was 1), including original query
@@
@@ CONVERGED (in 1 rounds). 
@@

//
[ok]
