# jackhmmer :: iteratively search a protein sequence against a protein database
# HMMER 3.1b2 (February 2015); http://hmmer.org/
# Copyright (C) 2015 Howard Hughes Medical Institute.
# Freely distributed under the GNU General Public License (GPLv3).
# - - - - - - - - - - - - - - - - - - - - - - - - - - - - - - - - - - - -
# query sequence file:             TromerBUB1_MadaM.fasta
# target sequence database:        ../../../Sequences/rsob160315supp3.fasta
# per-seq hits tabular output:     TromerBUB1_MadaM_jackhmmer.tblout
# per-dom hits tabular output:     TromerBUB1_MadaM_jackhmmer.domtblout
# query <seqfile> format asserted: fasta
# target <seqdb> format asserted:  fasta
# - - - - - - - - - - - - - - - - - - - - - - - - - - - - - - - - - - - -

Query:       MLAR_BUB||MadaM/233-252  [L=20]

Scores for complete sequences (score includes all domains):
   --- full sequence ---   --- best 1 domain ---    -#dom-
    E-value  score  bias    E-value  score  bias    exp  N  Sequence Description
    ------- ------ -----    ------- ------ -----   ---- --  -------- -----------
+   2.4e-10   30.6   0.1    1.7e-09   28.2   0.1    2.5  1  MLAR_BUB  


Domain annotation for each sequence (and alignments):
>> MLAR_BUB  
   #    score  bias  c-Evalue  i-Evalue hmmfrom  hmm to    alifrom  ali to    envfrom  env to     acc
 ---   ------ ----- --------- --------- ------- -------    ------- -------    ------- -------    ----
   1 !   28.2   0.1   1.1e-11   1.7e-09       1      20 []     233     252 ..     233     252 .. 0.97

  Alignments for each domain:
  == domain 1  score: 28.2 bits;  conditional E-value: 1.1e-11
  MLAR_BUB||MadaM/233-252   1 eslvahvlfndplkeystpt 20 
                              eslvahvlfndplkeystpt
                 MLAR_BUB 233 ESLVAHVLFNDPLKEYSTPT 252
                              89*****************8 PP



Internal pipeline statistics summary:
-------------------------------------
Query model(s):                              1  (20 nodes)
Target sequences:                          152  (145138 residues searched)
Passed MSV filter:                         5  (0.0328947); expected 3.0 (0.02)
Passed bias filter:                        5  (0.0328947); expected 3.0 (0.02)
Passed Vit filter:                         1  (0.00657895); expected 0.2 (0.001)
Passed Fwd filter:                         1  (0.00657895); expected 0.0 (1e-05)
Initial search space (Z):                152  [actual number of targets]
Domain search space  (domZ):               1  [number of targets reported over threshold]
# CPU time: 0.01u 0.00s 00:00:00.01 Elapsed: 00:00:00.00
# Mc/sec: inf

@@ New targets included:   1
@@ New alignment includes: 2 subseqs (was 1), including original query
@@ Continuing to next round.

@@
@@ Round:                  2
@@ Included in MSA:        2 subsequences (query + 1 subseqs from 1 targets)
@@ Model size:             20 positions
@@

Scores for complete sequences (score includes all domains):
   --- full sequence ---   --- best 1 domain ---    -#dom-
    E-value  score  bias    E-value  score  bias    exp  N  Sequence Description
    ------- ------ -----    ------- ------ -----   ---- --  -------- -----------
    4.3e-17   54.6   1.0    9.5e-17   53.5   1.0    1.6  1  MLAR_BUB  


Domain annotation for each sequence (and alignments):
>> MLAR_BUB  
   #    score  bias  c-Evalue  i-Evalue hmmfrom  hmm to    alifrom  ali to    envfrom  env to     acc
 ---   ------ ----- --------- --------- ------- -------    ------- -------    ------- -------    ----
   1 !   53.5   1.0   6.3e-19   9.5e-17       1      20 []     233     252 ..     233     252 .. 0.99

  Alignments for each domain:
  == domain 1  score: 53.5 bits;  conditional E-value: 6.3e-19
                                 xxxxxxxxxxxxxxxxxxxx RF
  MLAR_BUB||MadaM/233-252-i1   1 ESLVAHVLFNDPLKEYSTPT 20 
                                 ESLVAHVLFNDPLKEYSTPT
                    MLAR_BUB 233 ESLVAHVLFNDPLKEYSTPT 252
                                 9******************9 PP



Internal pipeline statistics summary:
-------------------------------------
Query model(s):                              1  (20 nodes)
Target sequences:                          152  (145138 residues searched)
Passed MSV filter:                         6  (0.0394737); expected 3.0 (0.02)
Passed bias filter:                        6  (0.0394737); expected 3.0 (0.02)
Passed Vit filter:                         1  (0.00657895); expected 0.2 (0.001)
Passed Fwd filter:                         1  (0.00657895); expected 0.0 (1e-05)
Initial search space (Z):                152  [actual number of targets]
Domain search space  (domZ):               1  [number of targets reported over threshold]
# CPU time: 0.01u 0.00s 00:00:00.01 Elapsed: 00:00:00.02
# Mc/sec: 145.14

@@ New targets included:   0
@@ New alignment includes: 2 subseqs (was 2), including original query
@@
@@ CONVERGED (in 2 rounds). 
@@

//
[ok]
