# jackhmmer :: iteratively search a protein sequence against a protein database
# HMMER 3.1b2 (February 2015); http://hmmer.org/
# Copyright (C) 2015 Howard Hughes Medical Institute.
# Freely distributed under the GNU General Public License (GPLv3).
# - - - - - - - - - - - - - - - - - - - - - - - - - - - - - - - - - - - -
# query sequence file:             TromerBUB1_Dbox.fasta
# target sequence database:        ../../../Sequences/Human_BUB1_orthologues_2018_12_05.fa
# per-seq hits tabular output:     EnsemblBUB1_Dbox_jackhmmer.tblout
# per-dom hits tabular output:     EnsemblBUB1_Dbox_jackhmmer.domtblout
# query <seqfile> format asserted: fasta
# target <seqdb> format asserted:  fasta
# - - - - - - - - - - - - - - - - - - - - - - - - - - - - - - - - - - - -

Query:       AANO_BUB||Dbox/288-300  [L=13]

Scores for complete sequences (score includes all domains):
   --- full sequence ---   --- best 1 domain ---    -#dom-
    E-value  score  bias    E-value  score  bias    exp  N  Sequence Description
    ------- ------ -----    ------- ------ -----   ---- --  -------- -----------

   [No hits detected that satisfy reporting thresholds]


Domain annotation for each sequence (and alignments):

   [No targets detected that satisfy reporting thresholds]


Internal pipeline statistics summary:
-------------------------------------
Query model(s):                              1  (13 nodes)
Target sequences:                          141  (128604 residues searched)
Passed MSV filter:                         1  (0.0070922); expected 2.8 (0.02)
Passed bias filter:                        0  (0); expected 2.8 (0.02)
Passed Vit filter:                         0  (0); expected 0.1 (0.001)
Passed Fwd filter:                         0  (0); expected 0.0 (1e-05)
Initial search space (Z):                141  [actual number of targets]
Domain search space  (domZ):               0  [number of targets reported over threshold]
# CPU time: 0.00u 0.00s 00:00:00.00 Elapsed: 00:00:00.01
# Mc/sec: 167.19

@@ New targets included:   0
@@ New alignment includes: 1 subseqs (was 1), including original query
@@
@@ CONVERGED (in 1 rounds). 
@@

//
Query:       ABIS_BUB||Dbox/412-424  [L=13]

Scores for complete sequences (score includes all domains):
   --- full sequence ---   --- best 1 domain ---    -#dom-
    E-value  score  bias    E-value  score  bias    exp  N  Sequence Description
    ------- ------ -----    ------- ------ -----   ---- --  -------- -----------

   [No hits detected that satisfy reporting thresholds]


Domain annotation for each sequence (and alignments):

   [No targets detected that satisfy reporting thresholds]


Internal pipeline statistics summary:
-------------------------------------
Query model(s):                              1  (13 nodes)
Target sequences:                          141  (128604 residues searched)
Passed MSV filter:                         8  (0.0567376); expected 2.8 (0.02)
Passed bias filter:                        8  (0.0567376); expected 2.8 (0.02)
Passed Vit filter:                         1  (0.0070922); expected 0.1 (0.001)
Passed Fwd filter:                         0  (0); expected 0.0 (1e-05)
Initial search space (Z):                141  [actual number of targets]
Domain search space  (domZ):               0  [number of targets reported over threshold]
# CPU time: 0.01u 0.00s 00:00:00.01 Elapsed: 00:00:00.00
# Mc/sec: inf

@@ New targets included:   0
@@ New alignment includes: 1 subseqs (was 1), including original query
@@
@@ CONVERGED (in 1 rounds). 
@@

//
Query:       ACEY_BUB||Dbox/258-270  [L=13]

Scores for complete sequences (score includes all domains):
   --- full sequence ---   --- best 1 domain ---    -#dom-
    E-value  score  bias    E-value  score  bias    exp  N  Sequence Description
    ------- ------ -----    ------- ------ -----   ---- --  -------- -----------

   [No hits detected that satisfy reporting thresholds]


Domain annotation for each sequence (and alignments):

   [No targets detected that satisfy reporting thresholds]


Internal pipeline statistics summary:
-------------------------------------
Query model(s):                              1  (13 nodes)
Target sequences:                          141  (128604 residues searched)
Passed MSV filter:                         2  (0.0141844); expected 2.8 (0.02)
Passed bias filter:                        2  (0.0141844); expected 2.8 (0.02)
Passed Vit filter:                         0  (0); expected 0.1 (0.001)
Passed Fwd filter:                         0  (0); expected 0.0 (1e-05)
Initial search space (Z):                141  [actual number of targets]
Domain search space  (domZ):               0  [number of targets reported over threshold]
# CPU time: 0.01u 0.00s 00:00:00.01 Elapsed: 00:00:00.01
# Mc/sec: 167.19

@@ New targets included:   0
@@ New alignment includes: 1 subseqs (was 1), including original query
@@
@@ CONVERGED (in 1 rounds). 
@@

//
Query:       PSTI_BUB||Dbox/513-525  [L=13]

Scores for complete sequences (score includes all domains):
   --- full sequence ---   --- best 1 domain ---    -#dom-
    E-value  score  bias    E-value  score  bias    exp  N  Sequence Description
    ------- ------ -----    ------- ------ -----   ---- --  -------- -----------

   [No hits detected that satisfy reporting thresholds]


Domain annotation for each sequence (and alignments):

   [No targets detected that satisfy reporting thresholds]


Internal pipeline statistics summary:
-------------------------------------
Query model(s):                              1  (13 nodes)
Target sequences:                          141  (128604 residues searched)
Passed MSV filter:                         2  (0.0141844); expected 2.8 (0.02)
Passed bias filter:                        2  (0.0141844); expected 2.8 (0.02)
Passed Vit filter:                         0  (0); expected 0.1 (0.001)
Passed Fwd filter:                         0  (0); expected 0.0 (1e-05)
Initial search space (Z):                141  [actual number of targets]
Domain search space  (domZ):               0  [number of targets reported over threshold]
# CPU time: 0.01u 0.00s 00:00:00.01 Elapsed: 00:00:00.01
# Mc/sec: 167.19

@@ New targets included:   0
@@ New alignment includes: 1 subseqs (was 1), including original query
@@
@@ CONVERGED (in 1 rounds). 
@@

//
Query:       SPOM_BUB||Dbox/199-211  [L=13]

Scores for complete sequences (score includes all domains):
   --- full sequence ---   --- best 1 domain ---    -#dom-
    E-value  score  bias    E-value  score  bias    exp  N  Sequence Description
    ------- ------ -----    ------- ------ -----   ---- --  -------- -----------

   [No hits detected that satisfy reporting thresholds]


Domain annotation for each sequence (and alignments):

   [No targets detected that satisfy reporting thresholds]


Internal pipeline statistics summary:
-------------------------------------
Query model(s):                              1  (13 nodes)
Target sequences:                          141  (128604 residues searched)
Passed MSV filter:                         1  (0.0070922); expected 2.8 (0.02)
Passed bias filter:                        1  (0.0070922); expected 2.8 (0.02)
Passed Vit filter:                         0  (0); expected 0.1 (0.001)
Passed Fwd filter:                         0  (0); expected 0.0 (1e-05)
Initial search space (Z):                141  [actual number of targets]
Domain search space  (domZ):               0  [number of targets reported over threshold]
# CPU time: 0.01u 0.00s 00:00:00.01 Elapsed: 00:00:00.01
# Mc/sec: 167.19

@@ New targets included:   0
@@ New alignment includes: 1 subseqs (was 1), including original query
@@
@@ CONVERGED (in 1 rounds). 
@@

//
[ok]
