# jackhmmer :: iteratively search a protein sequence against a protein database
# HMMER 3.1b2 (February 2015); http://hmmer.org/
# Copyright (C) 2015 Howard Hughes Medical Institute.
# Freely distributed under the GNU General Public License (GPLv3).
# - - - - - - - - - - - - - - - - - - - - - - - - - - - - - - - - - - - -
# query sequence file:             TromerBUB1_Dbox.fasta
# target sequence database:        ../../../Sequences/rsob160315supp3.fasta
# per-seq hits tabular output:     TromerBUB1_Dbox_jackhmmer.tblout
# per-dom hits tabular output:     TromerBUB1_Dbox_jackhmmer.domtblout
# query <seqfile> format asserted: fasta
# target <seqdb> format asserted:  fasta
# - - - - - - - - - - - - - - - - - - - - - - - - - - - - - - - - - - - -

Query:       AANO_BUB||Dbox/288-300  [L=13]

Scores for complete sequences (score includes all domains):
   --- full sequence ---   --- best 1 domain ---    -#dom-
    E-value  score  bias    E-value  score  bias    exp  N  Sequence Description
    ------- ------ -----    ------- ------ -----   ---- --  -------- -----------
+    0.0003   12.5   0.2     0.0003   12.5   0.2    5.1  4  AANO_BUB  


Domain annotation for each sequence (and alignments):
>> AANO_BUB  
   #    score  bias  c-Evalue  i-Evalue hmmfrom  hmm to    alifrom  ali to    envfrom  env to     acc
 ---   ------ ----- --------- --------- ------- -------    ------- -------    ------- -------    ----
   1 ?   -2.9   0.5         1   1.5e+02       2       9 ..     164     171 ..     163     174 .. 0.57
   2 ?   -3.0   1.7         1   1.5e+02       7      11 ..     187     191 ..     181     201 .. 0.58
   3 !   12.5   0.2     2e-06    0.0003       1      13 []     288     300 ..     288     300 .. 0.94
   4 ?    2.4   0.0     0.019       2.9       1      10 [.     300     309 ..     300     312 .. 0.85

  Alignments for each domain:
  == domain 1  score: -2.9 bits;  conditional E-value: 1
  AANO_BUB||Dbox/288-300   2 aarpalga 9  
                             aa pa +a
                AANO_BUB 164 AAAPAAAA 171
                             56666543 PP

  == domain 2  score: -3.0 bits;  conditional E-value: 1
  AANO_BUB||Dbox/288-300   7 lgavp 11 
                              +a p
                AANO_BUB 187 ASAPP 191
                             43333 PP

  == domain 3  score: 12.5 bits;  conditional E-value: 2e-06
  AANO_BUB||Dbox/288-300   1 saarpalgavpqs 13 
                             saarpalgavpqs
                AANO_BUB 288 SAARPALGAVPQS 300
                             79*********97 PP

  == domain 4  score: 2.4 bits;  conditional E-value: 0.019
  AANO_BUB||Dbox/288-300   1 saarpalgav 10 
                             saarp lg +
                AANO_BUB 300 SAARPVLGVL 309
                             79******86 PP



Internal pipeline statistics summary:
-------------------------------------
Query model(s):                              1  (13 nodes)
Target sequences:                          152  (145138 residues searched)
Passed MSV filter:                         4  (0.0263158); expected 3.0 (0.02)
Passed bias filter:                        2  (0.0131579); expected 3.0 (0.02)
Passed Vit filter:                         2  (0.0131579); expected 0.2 (0.001)
Passed Fwd filter:                         1  (0.00657895); expected 0.0 (1e-05)
Initial search space (Z):                152  [actual number of targets]
Domain search space  (domZ):               1  [number of targets reported over threshold]
# CPU time: 0.00u 0.00s 00:00:00.00 Elapsed: 00:00:00.00
# Mc/sec: inf

@@ New targets included:   1
@@ New alignment includes: 2 subseqs (was 1), including original query
@@ Continuing to next round.

@@
@@ Round:                  2
@@ Included in MSA:        2 subsequences (query + 1 subseqs from 1 targets)
@@ Model size:             13 positions
@@

Scores for complete sequences (score includes all domains):
   --- full sequence ---   --- best 1 domain ---    -#dom-
    E-value  score  bias    E-value  score  bias    exp  N  Sequence Description
    ------- ------ -----    ------- ------ -----   ---- --  -------- -----------

   [No hits detected that satisfy reporting thresholds]


Domain annotation for each sequence (and alignments):

   [No targets detected that satisfy reporting thresholds]


Internal pipeline statistics summary:
-------------------------------------
Query model(s):                              1  (13 nodes)
Target sequences:                          152  (145138 residues searched)
Passed MSV filter:                         9  (0.0592105); expected 3.0 (0.02)
Passed bias filter:                        3  (0.0197368); expected 3.0 (0.02)
Passed Vit filter:                         1  (0.00657895); expected 0.2 (0.001)
Passed Fwd filter:                         0  (0); expected 0.0 (1e-05)
Initial search space (Z):                152  [actual number of targets]
Domain search space  (domZ):               0  [number of targets reported over threshold]
# CPU time: 0.01u 0.00s 00:00:00.01 Elapsed: 00:00:00.01
# Mc/sec: 188.68

@@ New targets included:   0
@@ New alignment includes: 1 subseqs (was 2), including original query
@@
@@ CONVERGED (in 2 rounds). 
@@

//
Query:       ABIS_BUB||Dbox/412-424  [L=13]

Scores for complete sequences (score includes all domains):
   --- full sequence ---   --- best 1 domain ---    -#dom-
    E-value  score  bias    E-value  score  bias    exp  N  Sequence Description
    ------- ------ -----    ------- ------ -----   ---- --  -------- -----------
+   3.7e-05   15.4   0.2    0.00037   12.8   0.2    2.7  1  ABIS_BUB  


Domain annotation for each sequence (and alignments):
>> ABIS_BUB  
   #    score  bias  c-Evalue  i-Evalue hmmfrom  hmm to    alifrom  ali to    envfrom  env to     acc
 ---   ------ ----- --------- --------- ------- -------    ------- -------    ------- -------    ----
   1 !   12.8   0.2   2.5e-06   0.00037       1      13 []     412     424 ..     412     424 .. 0.94

  Alignments for each domain:
  == domain 1  score: 12.8 bits;  conditional E-value: 2.5e-06
  ABIS_BUB||Dbox/412-424   1 itprpalgpksva 13 
                             itprpalgpksva
                ABIS_BUB 412 ITPRPALGPKSVA 424
                             79*********97 PP



Internal pipeline statistics summary:
-------------------------------------
Query model(s):                              1  (13 nodes)
Target sequences:                          152  (145138 residues searched)
Passed MSV filter:                         3  (0.0197368); expected 3.0 (0.02)
Passed bias filter:                        3  (0.0197368); expected 3.0 (0.02)
Passed Vit filter:                         1  (0.00657895); expected 0.2 (0.001)
Passed Fwd filter:                         1  (0.00657895); expected 0.0 (1e-05)
Initial search space (Z):                152  [actual number of targets]
Domain search space  (domZ):               1  [number of targets reported over threshold]
# CPU time: 0.01u 0.00s 00:00:00.01 Elapsed: 00:00:00.01
# Mc/sec: 188.68

@@ New targets included:   1
@@ New alignment includes: 2 subseqs (was 1), including original query
@@ Continuing to next round.

@@
@@ Round:                  2
@@ Included in MSA:        2 subsequences (query + 1 subseqs from 1 targets)
@@ Model size:             13 positions
@@

Scores for complete sequences (score includes all domains):
   --- full sequence ---   --- best 1 domain ---    -#dom-
    E-value  score  bias    E-value  score  bias    exp  N  Sequence Description
    ------- ------ -----    ------- ------ -----   ---- --  -------- -----------
    1.7e-08   27.6   1.6    1.7e-08   27.6   1.6    2.2  2  ABIS_BUB  


Domain annotation for each sequence (and alignments):
>> ABIS_BUB  
   #    score  bias  c-Evalue  i-Evalue hmmfrom  hmm to    alifrom  ali to    envfrom  env to     acc
 ---   ------ ----- --------- --------- ------- -------    ------- -------    ------- -------    ----
   1 !   27.6   1.6   1.1e-10   1.7e-08       1      13 []     412     424 ..     412     424 .. 0.98
   2 ?   -3.2   0.5      0.84   1.3e+02       8      11 ..     554     557 ..     554     557 .. 0.95

  Alignments for each domain:
  == domain 1  score: 27.6 bits;  conditional E-value: 1.1e-10
                                xxxxxxxxxxxxx RF
  ABIS_BUB||Dbox/412-424-i1   1 ITPRPALGPKSVA 13 
                                ITPRPALGPKSVA
                   ABIS_BUB 412 ITPRPALGPKSVA 424
                                9***********9 PP

  == domain 2  score: -3.2 bits;  conditional E-value: 0.84
                                xxxx RF
  ABIS_BUB||Dbox/412-424-i1   8 GPKS 11 
                                GPKS
                   ABIS_BUB 554 GPKS 557
                                9**9 PP



Internal pipeline statistics summary:
-------------------------------------
Query model(s):                              1  (13 nodes)
Target sequences:                          152  (145138 residues searched)
Passed MSV filter:                         8  (0.0526316); expected 3.0 (0.02)
Passed bias filter:                        3  (0.0197368); expected 3.0 (0.02)
Passed Vit filter:                         1  (0.00657895); expected 0.2 (0.001)
Passed Fwd filter:                         1  (0.00657895); expected 0.0 (1e-05)
Initial search space (Z):                152  [actual number of targets]
Domain search space  (domZ):               1  [number of targets reported over threshold]
# CPU time: 0.01u 0.00s 00:00:00.01 Elapsed: 00:00:00.01
# Mc/sec: 188.68

@@ New targets included:   0
@@ New alignment includes: 2 subseqs (was 2), including original query
@@
@@ CONVERGED (in 2 rounds). 
@@

//
Query:       ACEY_BUB||Dbox/258-270  [L=13]

Scores for complete sequences (score includes all domains):
   --- full sequence ---   --- best 1 domain ---    -#dom-
    E-value  score  bias    E-value  score  bias    exp  N  Sequence Description
    ------- ------ -----    ------- ------ -----   ---- --  -------- -----------
+   7.5e-05   14.2   0.1    0.00057   11.9   0.1    2.4  1  ACEY_BUB  


Domain annotation for each sequence (and alignments):
>> ACEY_BUB  
   #    score  bias  c-Evalue  i-Evalue hmmfrom  hmm to    alifrom  ali to    envfrom  env to     acc
 ---   ------ ----- --------- --------- ------- -------    ------- -------    ------- -------    ----
   1 !   11.9   0.1   3.8e-06   0.00057       1      13 []     258     270 ..     258     270 .. 0.94

  Alignments for each domain:
  == domain 1  score: 11.9 bits;  conditional E-value: 3.8e-06
  ACEY_BUB||Dbox/258-270   1 svdrvplqplsvq 13 
                             svdrvplqplsvq
                ACEY_BUB 258 SVDRVPLQPLSVQ 270
                             79*********98 PP



Internal pipeline statistics summary:
-------------------------------------
Query model(s):                              1  (13 nodes)
Target sequences:                          152  (145138 residues searched)
Passed MSV filter:                         2  (0.0131579); expected 3.0 (0.02)
Passed bias filter:                        2  (0.0131579); expected 3.0 (0.02)
Passed Vit filter:                         1  (0.00657895); expected 0.2 (0.001)
Passed Fwd filter:                         1  (0.00657895); expected 0.0 (1e-05)
Initial search space (Z):                152  [actual number of targets]
Domain search space  (domZ):               1  [number of targets reported over threshold]
# CPU time: 0.00u 0.00s 00:00:00.00 Elapsed: 00:00:00.01
# Mc/sec: 188.68

@@ New targets included:   1
@@ New alignment includes: 2 subseqs (was 1), including original query
@@ Continuing to next round.

@@
@@ Round:                  2
@@ Included in MSA:        2 subsequences (query + 1 subseqs from 1 targets)
@@ Model size:             13 positions
@@

Scores for complete sequences (score includes all domains):
   --- full sequence ---   --- best 1 domain ---    -#dom-
    E-value  score  bias    E-value  score  bias    exp  N  Sequence Description
    ------- ------ -----    ------- ------ -----   ---- --  -------- -----------
      5e-08   25.7   5.3    1.3e-07   24.5   5.3    1.8  1  ACEY_BUB  


Domain annotation for each sequence (and alignments):
>> ACEY_BUB  
   #    score  bias  c-Evalue  i-Evalue hmmfrom  hmm to    alifrom  ali to    envfrom  env to     acc
 ---   ------ ----- --------- --------- ------- -------    ------- -------    ------- -------    ----
   1 !   24.5   5.3   8.4e-10   1.3e-07       1      13 []     258     270 ..     258     270 .. 0.99

  Alignments for each domain:
  == domain 1  score: 24.5 bits;  conditional E-value: 8.4e-10
                                xxxxxxxxxxxxx RF
  ACEY_BUB||Dbox/258-270-i1   1 SVDRVPLQPLSVQ 13 
                                SVDRVPLQPLSVQ
                   ACEY_BUB 258 SVDRVPLQPLSVQ 270
                                9***********9 PP



Internal pipeline statistics summary:
-------------------------------------
Query model(s):                              1  (13 nodes)
Target sequences:                          152  (145138 residues searched)
Passed MSV filter:                         4  (0.0263158); expected 3.0 (0.02)
Passed bias filter:                        2  (0.0131579); expected 3.0 (0.02)
Passed Vit filter:                         1  (0.00657895); expected 0.2 (0.001)
Passed Fwd filter:                         1  (0.00657895); expected 0.0 (1e-05)
Initial search space (Z):                152  [actual number of targets]
Domain search space  (domZ):               1  [number of targets reported over threshold]
# CPU time: 0.01u 0.00s 00:00:00.01 Elapsed: 00:00:00.00
# Mc/sec: inf

@@ New targets included:   0
@@ New alignment includes: 2 subseqs (was 2), including original query
@@
@@ CONVERGED (in 2 rounds). 
@@

//
Query:       PSTI_BUB||Dbox/513-525  [L=13]

Scores for complete sequences (score includes all domains):
   --- full sequence ---   --- best 1 domain ---    -#dom-
    E-value  score  bias    E-value  score  bias    exp  N  Sequence Description
    ------- ------ -----    ------- ------ -----   ---- --  -------- -----------
+   0.00012   13.4   0.1     0.0014   10.8   0.1    2.7  1  PSTI_BUB  


Domain annotation for each sequence (and alignments):
>> PSTI_BUB  
   #    score  bias  c-Evalue  i-Evalue hmmfrom  hmm to    alifrom  ali to    envfrom  env to     acc
 ---   ------ ----- --------- --------- ------- -------    ------- -------    ------- -------    ----
   1 !   10.8   0.1   9.1e-06    0.0014       1      13 []     513     525 ..     513     525 .. 0.96

  Alignments for each domain:
  == domain 1  score: 10.8 bits;  conditional E-value: 9.1e-06
  PSTI_BUB||Dbox/513-525   1 pgvrralaektae 13 
                             pgvrralaektae
                PSTI_BUB 513 PGVRRALAEKTAE 525
                             9**********98 PP



Internal pipeline statistics summary:
-------------------------------------
Query model(s):                              1  (13 nodes)
Target sequences:                          152  (145138 residues searched)
Passed MSV filter:                         4  (0.0263158); expected 3.0 (0.02)
Passed bias filter:                        4  (0.0263158); expected 3.0 (0.02)
Passed Vit filter:                         1  (0.00657895); expected 0.2 (0.001)
Passed Fwd filter:                         1  (0.00657895); expected 0.0 (1e-05)
Initial search space (Z):                152  [actual number of targets]
Domain search space  (domZ):               1  [number of targets reported over threshold]
# CPU time: 0.01u 0.00s 00:00:00.01 Elapsed: 00:00:00.01
# Mc/sec: 188.68

@@ New targets included:   1
@@ New alignment includes: 2 subseqs (was 1), including original query
@@ Continuing to next round.

@@
@@ Round:                  2
@@ Included in MSA:        2 subsequences (query + 1 subseqs from 1 targets)
@@ Model size:             13 positions
@@

Scores for complete sequences (score includes all domains):
   --- full sequence ---   --- best 1 domain ---    -#dom-
    E-value  score  bias    E-value  score  bias    exp  N  Sequence Description
    ------- ------ -----    ------- ------ -----   ---- --  -------- -----------
    4.2e-08   26.1   1.6    4.2e-08   26.1   1.6    2.2  2  PSTI_BUB  


Domain annotation for each sequence (and alignments):
>> PSTI_BUB  
   #    score  bias  c-Evalue  i-Evalue hmmfrom  hmm to    alifrom  ali to    envfrom  env to     acc
 ---   ------ ----- --------- --------- ------- -------    ------- -------    ------- -------    ----
   1 ?   -3.4   0.1      0.91   1.4e+02       3       9 ..      23      29 ..      23      29 .. 0.82
   2 !   26.1   1.6   2.8e-10   4.2e-08       1      13 []     513     525 ..     513     525 .. 0.99

  Alignments for each domain:
  == domain 1  score: -3.4 bits;  conditional E-value: 0.91
                               xxxxxxx RF
  PSTI_BUB||Dbox/513-525-i1  3 VRRALAE 9 
                               V RAL E
                   PSTI_BUB 23 VQRALEE 29
                               88***76 PP

  == domain 2  score: 26.1 bits;  conditional E-value: 2.8e-10
                                xxxxxxxxxxxxx RF
  PSTI_BUB||Dbox/513-525-i1   1 PGVRRALAEKTAE 13 
                                PGVRRALAEKTAE
                   PSTI_BUB 513 PGVRRALAEKTAE 525
                                9***********9 PP



Internal pipeline statistics summary:
-------------------------------------
Query model(s):                              1  (13 nodes)
Target sequences:                          152  (145138 residues searched)
Passed MSV filter:                         6  (0.0394737); expected 3.0 (0.02)
Passed bias filter:                        5  (0.0328947); expected 3.0 (0.02)
Passed Vit filter:                         1  (0.00657895); expected 0.2 (0.001)
Passed Fwd filter:                         1  (0.00657895); expected 0.0 (1e-05)
Initial search space (Z):                152  [actual number of targets]
Domain search space  (domZ):               1  [number of targets reported over threshold]
# CPU time: 0.01u 0.01s 00:00:00.02 Elapsed: 00:00:00.01
# Mc/sec: 188.68

@@ New targets included:   0
@@ New alignment includes: 2 subseqs (was 2), including original query
@@
@@ CONVERGED (in 2 rounds). 
@@

//
Query:       SPOM_BUB||Dbox/199-211  [L=13]

Scores for complete sequences (score includes all domains):
   --- full sequence ---   --- best 1 domain ---    -#dom-
    E-value  score  bias    E-value  score  bias    exp  N  Sequence Description
    ------- ------ -----    ------- ------ -----   ---- --  -------- -----------
+   5.3e-05   15.0   0.8    0.00031   12.9   0.8    2.3  1  SPOM_BUB  


Domain annotation for each sequence (and alignments):
>> SPOM_BUB  
   #    score  bias  c-Evalue  i-Evalue hmmfrom  hmm to    alifrom  ali to    envfrom  env to     acc
 ---   ------ ----- --------- --------- ------- -------    ------- -------    ------- -------    ----
   1 !   12.9   0.8     2e-06   0.00031       1      13 []     199     211 ..     199     211 .. 0.96

  Alignments for each domain:
  == domain 1  score: 12.9 bits;  conditional E-value: 2e-06
  SPOM_BUB||Dbox/199-211   1 ppprivlgskpvs 13 
                             ppprivlgskpvs
                SPOM_BUB 199 PPPRIVLGSKPVS 211
                             9**********97 PP



Internal pipeline statistics summary:
-------------------------------------
Query model(s):                              1  (13 nodes)
Target sequences:                          152  (145138 residues searched)
Passed MSV filter:                         3  (0.0197368); expected 3.0 (0.02)
Passed bias filter:                        3  (0.0197368); expected 3.0 (0.02)
Passed Vit filter:                         1  (0.00657895); expected 0.2 (0.001)
Passed Fwd filter:                         1  (0.00657895); expected 0.0 (1e-05)
Initial search space (Z):                152  [actual number of targets]
Domain search space  (domZ):               1  [number of targets reported over threshold]
# CPU time: 0.00u 0.00s 00:00:00.00 Elapsed: 00:00:00.01
# Mc/sec: 188.68

@@ New targets included:   1
@@ New alignment includes: 2 subseqs (was 1), including original query
@@ Continuing to next round.

@@
@@ Round:                  2
@@ Included in MSA:        2 subsequences (query + 1 subseqs from 1 targets)
@@ Model size:             13 positions
@@

Scores for complete sequences (score includes all domains):
   --- full sequence ---   --- best 1 domain ---    -#dom-
    E-value  score  bias    E-value  score  bias    exp  N  Sequence Description
    ------- ------ -----    ------- ------ -----   ---- --  -------- -----------
    7.1e-08   25.5   5.9    2.1e-07   24.0   5.9    1.9  1  SPOM_BUB  


Domain annotation for each sequence (and alignments):
>> SPOM_BUB  
   #    score  bias  c-Evalue  i-Evalue hmmfrom  hmm to    alifrom  ali to    envfrom  env to     acc
 ---   ------ ----- --------- --------- ------- -------    ------- -------    ------- -------    ----
   1 !   24.0   5.9   1.4e-09   2.1e-07       1      13 []     199     211 ..     199     211 .. 0.99

  Alignments for each domain:
  == domain 1  score: 24.0 bits;  conditional E-value: 1.4e-09
                                xxxxxxxxxxxxx RF
  SPOM_BUB||Dbox/199-211-i1   1 PPPRIVLGSKPVS 13 
                                PPPRIVLGSKPVS
                   SPOM_BUB 199 PPPRIVLGSKPVS 211
                                9***********9 PP



Internal pipeline statistics summary:
-------------------------------------
Query model(s):                              1  (13 nodes)
Target sequences:                          152  (145138 residues searched)
Passed MSV filter:                         7  (0.0460526); expected 3.0 (0.02)
Passed bias filter:                        5  (0.0328947); expected 3.0 (0.02)
Passed Vit filter:                         1  (0.00657895); expected 0.2 (0.001)
Passed Fwd filter:                         1  (0.00657895); expected 0.0 (1e-05)
Initial search space (Z):                152  [actual number of targets]
Domain search space  (domZ):               1  [number of targets reported over threshold]
# CPU time: 0.01u 0.00s 00:00:00.01 Elapsed: 00:00:00.01
# Mc/sec: 188.68

@@ New targets included:   0
@@ New alignment includes: 2 subseqs (was 2), including original query
@@
@@ CONVERGED (in 2 rounds). 
@@

//
[ok]
